mode: set
github.com/JustWorking42/go-password-manager/cmd/client/main.go:22.13,28.16 5 0
github.com/JustWorking42/go-password-manager/cmd/client/main.go:28.16,30.3 1 0
github.com/JustWorking42/go-password-manager/cmd/client/main.go:31.2,35.16 4 0
github.com/JustWorking42/go-password-manager/cmd/client/main.go:35.16,37.3 1 0
github.com/JustWorking42/go-password-manager/cmd/client/main.go:38.2,42.16 4 0
github.com/JustWorking42/go-password-manager/cmd/client/main.go:42.16,44.3 1 0
github.com/JustWorking42/go-password-manager/cmd/client/main.go:45.2,64.42 5 0
github.com/JustWorking42/go-password-manager/cmd/client/main.go:64.42,66.3 1 0
github.com/JustWorking42/go-password-manager/cmd/client/main.go:69.66,70.27 1 0
github.com/JustWorking42/go-password-manager/cmd/client/main.go:70.27,72.3 1 0
github.com/JustWorking42/go-password-manager/cmd/client/main.go:75.31,81.2 1 0
github.com/JustWorking42/go-password-manager/cmd/server/config.go:19.52,21.16 2 0
github.com/JustWorking42/go-password-manager/cmd/server/config.go:21.16,23.3 1 0
github.com/JustWorking42/go-password-manager/cmd/server/config.go:24.2,27.16 4 0
github.com/JustWorking42/go-password-manager/cmd/server/config.go:27.16,29.3 1 0
github.com/JustWorking42/go-password-manager/cmd/server/config.go:30.2,30.21 1 0
github.com/JustWorking42/go-password-manager/cmd/server/main.go:23.13,32.22 7 0
github.com/JustWorking42/go-password-manager/cmd/server/main.go:32.22,34.3 1 0
github.com/JustWorking42/go-password-manager/cmd/server/main.go:36.2,37.16 2 0
github.com/JustWorking42/go-password-manager/cmd/server/main.go:37.16,39.3 1 0
github.com/JustWorking42/go-password-manager/cmd/server/main.go:41.2,45.16 4 0
github.com/JustWorking42/go-password-manager/cmd/server/main.go:45.16,47.3 1 0
github.com/JustWorking42/go-password-manager/cmd/server/main.go:49.2,52.16 3 0
github.com/JustWorking42/go-password-manager/cmd/server/main.go:52.16,54.3 1 0
github.com/JustWorking42/go-password-manager/cmd/server/main.go:56.2,57.115 1 0
github.com/JustWorking42/go-password-manager/cmd/server/main.go:57.115,58.129 1 0
github.com/JustWorking42/go-password-manager/cmd/server/main.go:58.129,60.5 1 0
github.com/JustWorking42/go-password-manager/cmd/server/main.go:61.4,61.66 1 0
github.com/JustWorking42/go-password-manager/cmd/server/main.go:64.2,69.12 5 0
github.com/JustWorking42/go-password-manager/cmd/server/main.go:69.12,72.17 3 0
github.com/JustWorking42/go-password-manager/cmd/server/main.go:72.17,74.4 1 0
github.com/JustWorking42/go-password-manager/cmd/server/main.go:75.3,76.47 2 0
github.com/JustWorking42/go-password-manager/cmd/server/main.go:76.47,78.4 1 0
github.com/JustWorking42/go-password-manager/cmd/server/main.go:81.2,90.36 9 0
github.com/JustWorking42/go-password-manager/internal/client/passwordreader/passwordreader.go:15.43,17.2 1 0
github.com/JustWorking42/go-password-manager/internal/client/passwordreader/passwordreader.go:19.41,21.2 1 0
github.com/JustWorking42/go-password-manager/internal/client/passwordreader/passwordreader.go:25.61,27.2 1 0
github.com/JustWorking42/go-password-manager/internal/client/passwordreader/passwordreader_mock.go:25.73,29.2 3 0
github.com/JustWorking42/go-password-manager/internal/client/passwordreader/passwordreader_mock.go:32.71,34.2 1 0
github.com/JustWorking42/go-password-manager/internal/client/passwordreader/passwordreader_mock.go:37.61,43.2 5 0
github.com/JustWorking42/go-password-manager/internal/client/passwordreader/passwordreader_mock.go:46.71,49.2 2 0
github.com/JustWorking42/go-password-manager/internal/client/repository/mock_repository.go:26.65,30.2 3 0
github.com/JustWorking42/go-password-manager/internal/client/repository/mock_repository.go:33.63,35.2 1 0
github.com/JustWorking42/go-password-manager/internal/client/repository/mock_repository.go:38.85,43.2 4 0
github.com/JustWorking42/go-password-manager/internal/client/repository/mock_repository.go:46.90,49.2 2 0
github.com/JustWorking42/go-password-manager/internal/client/repository/mock_repository.go:52.72,57.2 4 0
github.com/JustWorking42/go-password-manager/internal/client/repository/mock_repository.go:60.83,63.2 2 0
github.com/JustWorking42/go-password-manager/internal/client/repository/mock_repository.go:66.72,71.2 4 0
github.com/JustWorking42/go-password-manager/internal/client/repository/mock_repository.go:74.83,77.2 2 0
github.com/JustWorking42/go-password-manager/internal/client/repository/mock_repository.go:80.80,85.2 4 0
github.com/JustWorking42/go-password-manager/internal/client/repository/mock_repository.go:88.87,91.2 2 0
github.com/JustWorking42/go-password-manager/internal/client/repository/mock_repository.go:94.34,97.2 2 0
github.com/JustWorking42/go-password-manager/internal/client/repository/mock_repository.go:100.60,103.2 2 0
github.com/JustWorking42/go-password-manager/internal/client/repository/mock_repository.go:106.94,112.2 5 0
github.com/JustWorking42/go-password-manager/internal/client/repository/mock_repository.go:115.89,118.2 2 0
github.com/JustWorking42/go-password-manager/internal/client/repository/mock_repository.go:121.86,127.2 5 0
github.com/JustWorking42/go-password-manager/internal/client/repository/mock_repository.go:130.87,133.2 2 0
github.com/JustWorking42/go-password-manager/internal/client/repository/mock_repository.go:136.86,142.2 5 0
github.com/JustWorking42/go-password-manager/internal/client/repository/mock_repository.go:145.87,148.2 2 0
github.com/JustWorking42/go-password-manager/internal/client/repository/mock_repository.go:151.90,157.2 5 0
github.com/JustWorking42/go-password-manager/internal/client/repository/mock_repository.go:160.87,163.2 2 0
github.com/JustWorking42/go-password-manager/internal/client/repository/mock_repository.go:166.93,172.2 5 0
github.com/JustWorking42/go-password-manager/internal/client/repository/mock_repository.go:175.92,178.2 2 0
github.com/JustWorking42/go-password-manager/internal/client/repository/mock_repository.go:181.96,187.2 5 0
github.com/JustWorking42/go-password-manager/internal/client/repository/mock_repository.go:190.95,193.2 2 0
github.com/JustWorking42/go-password-manager/internal/client/repository/repository.go:23.36,25.2 1 0
github.com/JustWorking42/go-password-manager/internal/client/repository/repository.go:27.33,29.2 1 0
github.com/JustWorking42/go-password-manager/internal/common/mapper/mapper.go:8.48,11.21 3 0
github.com/JustWorking42/go-password-manager/internal/common/mapper/mapper.go:11.21,14.3 2 0
github.com/JustWorking42/go-password-manager/internal/common/mapper/mapper.go:16.2,17.9 2 0
github.com/JustWorking42/go-password-manager/internal/common/mapper/mapper.go:17.9,19.3 1 0
github.com/JustWorking42/go-password-manager/internal/common/mapper/mapper.go:21.2,21.12 1 0
github.com/JustWorking42/go-password-manager/internal/server/credintails/credintails.go:15.92,17.16 2 0
github.com/JustWorking42/go-password-manager/internal/server/credintails/credintails.go:17.16,19.3 1 0
github.com/JustWorking42/go-password-manager/internal/server/credintails/credintails.go:21.2,22.47 2 0
github.com/JustWorking42/go-password-manager/internal/server/credintails/credintails.go:22.47,24.3 1 0
github.com/JustWorking42/go-password-manager/internal/server/credintails/credintails.go:26.2,27.16 2 0
github.com/JustWorking42/go-password-manager/internal/server/credintails/credintails.go:27.16,29.3 1 0
github.com/JustWorking42/go-password-manager/internal/server/credintails/credintails.go:31.2,37.40 2 0
github.com/JustWorking42/go-password-manager/internal/client/grpcclient/grpcclient.go:24.92,27.16 2 0
github.com/JustWorking42/go-password-manager/internal/client/grpcclient/grpcclient.go:27.16,29.3 1 0
github.com/JustWorking42/go-password-manager/internal/client/grpcclient/grpcclient.go:31.2,32.47 2 0
github.com/JustWorking42/go-password-manager/internal/client/grpcclient/grpcclient.go:32.47,34.3 1 0
github.com/JustWorking42/go-password-manager/internal/client/grpcclient/grpcclient.go:36.2,37.16 2 0
github.com/JustWorking42/go-password-manager/internal/client/grpcclient/grpcclient.go:37.16,39.3 1 0
github.com/JustWorking42/go-password-manager/internal/client/grpcclient/grpcclient.go:41.2,47.16 3 0
github.com/JustWorking42/go-password-manager/internal/client/grpcclient/grpcclient.go:47.16,49.3 1 0
github.com/JustWorking42/go-password-manager/internal/client/grpcclient/grpcclient.go:51.2,51.81 1 0
github.com/JustWorking42/go-password-manager/internal/client/grpcclient/grpcclient.go:54.34,56.2 1 0
github.com/JustWorking42/go-password-manager/internal/client/grpcclient/grpcclient.go:58.96,61.16 3 1
github.com/JustWorking42/go-password-manager/internal/client/grpcclient/grpcclient.go:61.16,63.3 1 1
github.com/JustWorking42/go-password-manager/internal/client/grpcclient/grpcclient.go:65.2,66.9 2 1
github.com/JustWorking42/go-password-manager/internal/client/grpcclient/grpcclient.go:66.9,68.3 1 1
github.com/JustWorking42/go-password-manager/internal/client/grpcclient/grpcclient.go:70.2,72.17 2 1
github.com/JustWorking42/go-password-manager/internal/client/grpcclient/grpcclient.go:75.93,78.16 3 1
github.com/JustWorking42/go-password-manager/internal/client/grpcclient/grpcclient.go:78.16,80.3 1 1
github.com/JustWorking42/go-password-manager/internal/client/grpcclient/grpcclient.go:82.2,83.9 2 1
github.com/JustWorking42/go-password-manager/internal/client/grpcclient/grpcclient.go:83.9,85.3 1 1
github.com/JustWorking42/go-password-manager/internal/client/grpcclient/grpcclient.go:87.2,89.17 2 1
github.com/JustWorking42/go-password-manager/internal/client/grpcclient/grpcclient.go:92.91,99.16 2 1
github.com/JustWorking42/go-password-manager/internal/client/grpcclient/grpcclient.go:99.16,101.3 1 1
github.com/JustWorking42/go-password-manager/internal/client/grpcclient/grpcclient.go:103.2,103.12 1 1
github.com/JustWorking42/go-password-manager/internal/client/grpcclient/grpcclient.go:106.101,108.16 2 1
github.com/JustWorking42/go-password-manager/internal/client/grpcclient/grpcclient.go:108.16,110.3 1 1
github.com/JustWorking42/go-password-manager/internal/client/grpcclient/grpcclient.go:112.2,116.8 1 1
github.com/JustWorking42/go-password-manager/internal/client/grpcclient/grpcclient.go:120.83,128.16 2 1
github.com/JustWorking42/go-password-manager/internal/client/grpcclient/grpcclient.go:128.16,130.3 1 1
github.com/JustWorking42/go-password-manager/internal/client/grpcclient/grpcclient.go:131.2,131.12 1 1
github.com/JustWorking42/go-password-manager/internal/client/grpcclient/grpcclient.go:134.97,136.16 2 1
github.com/JustWorking42/go-password-manager/internal/client/grpcclient/grpcclient.go:136.16,138.3 1 1
github.com/JustWorking42/go-password-manager/internal/client/grpcclient/grpcclient.go:139.2,145.8 1 1
github.com/JustWorking42/go-password-manager/internal/client/grpcclient/grpcclient.go:148.83,153.16 2 1
github.com/JustWorking42/go-password-manager/internal/client/grpcclient/grpcclient.go:153.16,155.3 1 1
github.com/JustWorking42/go-password-manager/internal/client/grpcclient/grpcclient.go:156.2,156.12 1 1
github.com/JustWorking42/go-password-manager/internal/client/grpcclient/grpcclient.go:159.97,161.16 2 1
github.com/JustWorking42/go-password-manager/internal/client/grpcclient/grpcclient.go:161.16,163.3 1 1
github.com/JustWorking42/go-password-manager/internal/client/grpcclient/grpcclient.go:164.2,167.8 1 1
github.com/JustWorking42/go-password-manager/internal/client/grpcclient/grpcclient.go:170.96,175.16 2 1
github.com/JustWorking42/go-password-manager/internal/client/grpcclient/grpcclient.go:175.16,177.3 1 1
github.com/JustWorking42/go-password-manager/internal/client/grpcclient/grpcclient.go:178.2,178.12 1 1
github.com/JustWorking42/go-password-manager/internal/client/grpcclient/grpcclient.go:181.105,183.16 2 1
github.com/JustWorking42/go-password-manager/internal/client/grpcclient/grpcclient.go:183.16,185.3 1 1
github.com/JustWorking42/go-password-manager/internal/client/grpcclient/grpcclient.go:186.2,189.8 1 1
github.com/JustWorking42/go-password-manager/internal/client/repository/mock_repository.go:26.65,30.2 3 0
github.com/JustWorking42/go-password-manager/internal/client/repository/mock_repository.go:33.63,35.2 1 0
github.com/JustWorking42/go-password-manager/internal/client/repository/mock_repository.go:38.85,43.2 4 0
github.com/JustWorking42/go-password-manager/internal/client/repository/mock_repository.go:46.90,49.2 2 0
github.com/JustWorking42/go-password-manager/internal/client/repository/mock_repository.go:52.72,57.2 4 0
github.com/JustWorking42/go-password-manager/internal/client/repository/mock_repository.go:60.83,63.2 2 0
github.com/JustWorking42/go-password-manager/internal/client/repository/mock_repository.go:66.72,71.2 4 0
github.com/JustWorking42/go-password-manager/internal/client/repository/mock_repository.go:74.83,77.2 2 0
github.com/JustWorking42/go-password-manager/internal/client/repository/mock_repository.go:80.80,85.2 4 0
github.com/JustWorking42/go-password-manager/internal/client/repository/mock_repository.go:88.87,91.2 2 0
github.com/JustWorking42/go-password-manager/internal/client/repository/mock_repository.go:94.34,97.2 2 0
github.com/JustWorking42/go-password-manager/internal/client/repository/mock_repository.go:100.60,103.2 2 0
github.com/JustWorking42/go-password-manager/internal/client/repository/mock_repository.go:106.94,112.2 5 0
github.com/JustWorking42/go-password-manager/internal/client/repository/mock_repository.go:115.89,118.2 2 0
github.com/JustWorking42/go-password-manager/internal/client/repository/mock_repository.go:121.86,127.2 5 0
github.com/JustWorking42/go-password-manager/internal/client/repository/mock_repository.go:130.87,133.2 2 0
github.com/JustWorking42/go-password-manager/internal/client/repository/mock_repository.go:136.86,142.2 5 0
github.com/JustWorking42/go-password-manager/internal/client/repository/mock_repository.go:145.87,148.2 2 0
github.com/JustWorking42/go-password-manager/internal/client/repository/mock_repository.go:151.90,157.2 5 0
github.com/JustWorking42/go-password-manager/internal/client/repository/mock_repository.go:160.87,163.2 2 0
github.com/JustWorking42/go-password-manager/internal/client/repository/mock_repository.go:166.93,172.2 5 0
github.com/JustWorking42/go-password-manager/internal/client/repository/mock_repository.go:175.92,178.2 2 0
github.com/JustWorking42/go-password-manager/internal/client/repository/mock_repository.go:181.96,187.2 5 0
github.com/JustWorking42/go-password-manager/internal/client/repository/mock_repository.go:190.95,193.2 2 0
github.com/JustWorking42/go-password-manager/internal/client/repository/repository.go:23.36,25.2 1 0
github.com/JustWorking42/go-password-manager/internal/client/repository/repository.go:27.33,29.2 1 0
github.com/JustWorking42/go-password-manager/proto/pass_manager.pb.go:33.25,35.29 2 0
github.com/JustWorking42/go-password-manager/proto/pass_manager.pb.go:35.29,39.3 3 0
github.com/JustWorking42/go-password-manager/proto/pass_manager.pb.go:42.33,44.2 1 0
github.com/JustWorking42/go-password-manager/proto/pass_manager.pb.go:46.31,46.32 0 0
github.com/JustWorking42/go-password-manager/proto/pass_manager.pb.go:48.53,50.41 2 0
github.com/JustWorking42/go-password-manager/proto/pass_manager.pb.go:50.41,52.34 2 0
github.com/JustWorking42/go-password-manager/proto/pass_manager.pb.go:52.34,54.4 1 0
github.com/JustWorking42/go-password-manager/proto/pass_manager.pb.go:55.3,55.12 1 0
github.com/JustWorking42/go-password-manager/proto/pass_manager.pb.go:57.2,57.24 1 0
github.com/JustWorking42/go-password-manager/proto/pass_manager.pb.go:61.44,63.2 1 0
github.com/JustWorking42/go-password-manager/proto/pass_manager.pb.go:65.35,66.14 1 0
github.com/JustWorking42/go-password-manager/proto/pass_manager.pb.go:66.14,68.3 1 0
github.com/JustWorking42/go-password-manager/proto/pass_manager.pb.go:69.2,69.11 1 0
github.com/JustWorking42/go-password-manager/proto/pass_manager.pb.go:72.38,73.14 1 0
github.com/JustWorking42/go-password-manager/proto/pass_manager.pb.go:73.14,75.3 1 0
github.com/JustWorking42/go-password-manager/proto/pass_manager.pb.go:76.2,76.11 1 0
github.com/JustWorking42/go-password-manager/proto/pass_manager.pb.go:87.38,89.29 2 0
github.com/JustWorking42/go-password-manager/proto/pass_manager.pb.go:89.29,93.3 3 0
github.com/JustWorking42/go-password-manager/proto/pass_manager.pb.go:96.46,98.2 1 0
github.com/JustWorking42/go-password-manager/proto/pass_manager.pb.go:100.44,100.45 0 0
github.com/JustWorking42/go-password-manager/proto/pass_manager.pb.go:102.66,104.41 2 0
github.com/JustWorking42/go-password-manager/proto/pass_manager.pb.go:104.41,106.34 2 0
github.com/JustWorking42/go-password-manager/proto/pass_manager.pb.go:106.34,108.4 1 0
github.com/JustWorking42/go-password-manager/proto/pass_manager.pb.go:109.3,109.12 1 0
github.com/JustWorking42/go-password-manager/proto/pass_manager.pb.go:111.2,111.24 1 0
github.com/JustWorking42/go-password-manager/proto/pass_manager.pb.go:115.57,117.2 1 0
github.com/JustWorking42/go-password-manager/proto/pass_manager.pb.go:119.54,120.14 1 0
github.com/JustWorking42/go-password-manager/proto/pass_manager.pb.go:120.14,122.3 1 0
github.com/JustWorking42/go-password-manager/proto/pass_manager.pb.go:123.2,123.11 1 0
github.com/JustWorking42/go-password-manager/proto/pass_manager.pb.go:136.28,138.29 2 0
github.com/JustWorking42/go-password-manager/proto/pass_manager.pb.go:138.29,142.3 3 0
github.com/JustWorking42/go-password-manager/proto/pass_manager.pb.go:145.36,147.2 1 0
github.com/JustWorking42/go-password-manager/proto/pass_manager.pb.go:149.34,149.35 0 0
github.com/JustWorking42/go-password-manager/proto/pass_manager.pb.go:151.56,153.41 2 0
github.com/JustWorking42/go-password-manager/proto/pass_manager.pb.go:153.41,155.34 2 0
github.com/JustWorking42/go-password-manager/proto/pass_manager.pb.go:155.34,157.4 1 0
github.com/JustWorking42/go-password-manager/proto/pass_manager.pb.go:158.3,158.12 1 0
github.com/JustWorking42/go-password-manager/proto/pass_manager.pb.go:160.2,160.24 1 0
github.com/JustWorking42/go-password-manager/proto/pass_manager.pb.go:164.47,166.2 1 0
github.com/JustWorking42/go-password-manager/proto/pass_manager.pb.go:168.44,169.14 1 0
github.com/JustWorking42/go-password-manager/proto/pass_manager.pb.go:169.14,171.3 1 0
github.com/JustWorking42/go-password-manager/proto/pass_manager.pb.go:172.2,172.11 1 0
github.com/JustWorking42/go-password-manager/proto/pass_manager.pb.go:175.45,176.14 1 0
github.com/JustWorking42/go-password-manager/proto/pass_manager.pb.go:176.14,178.3 1 0
github.com/JustWorking42/go-password-manager/proto/pass_manager.pb.go:179.2,179.11 1 0
github.com/JustWorking42/go-password-manager/proto/pass_manager.pb.go:182.48,183.14 1 0
github.com/JustWorking42/go-password-manager/proto/pass_manager.pb.go:183.14,185.3 1 0
github.com/JustWorking42/go-password-manager/proto/pass_manager.pb.go:186.2,186.11 1 0
github.com/JustWorking42/go-password-manager/proto/pass_manager.pb.go:197.34,199.29 2 0
github.com/JustWorking42/go-password-manager/proto/pass_manager.pb.go:199.29,203.3 3 0
github.com/JustWorking42/go-password-manager/proto/pass_manager.pb.go:206.42,208.2 1 0
github.com/JustWorking42/go-password-manager/proto/pass_manager.pb.go:210.40,210.41 0 0
github.com/JustWorking42/go-password-manager/proto/pass_manager.pb.go:212.62,214.41 2 0
github.com/JustWorking42/go-password-manager/proto/pass_manager.pb.go:214.41,216.34 2 0
github.com/JustWorking42/go-password-manager/proto/pass_manager.pb.go:216.34,218.4 1 0
github.com/JustWorking42/go-password-manager/proto/pass_manager.pb.go:219.3,219.12 1 0
github.com/JustWorking42/go-password-manager/proto/pass_manager.pb.go:221.2,221.24 1 0
github.com/JustWorking42/go-password-manager/proto/pass_manager.pb.go:225.53,227.2 1 0
github.com/JustWorking42/go-password-manager/proto/pass_manager.pb.go:229.47,230.14 1 0
github.com/JustWorking42/go-password-manager/proto/pass_manager.pb.go:230.14,232.3 1 0
github.com/JustWorking42/go-password-manager/proto/pass_manager.pb.go:233.2,233.11 1 0
github.com/JustWorking42/go-password-manager/proto/pass_manager.pb.go:248.24,250.29 2 0
github.com/JustWorking42/go-password-manager/proto/pass_manager.pb.go:250.29,254.3 3 0
github.com/JustWorking42/go-password-manager/proto/pass_manager.pb.go:257.32,259.2 1 0
github.com/JustWorking42/go-password-manager/proto/pass_manager.pb.go:261.30,261.31 0 0
github.com/JustWorking42/go-password-manager/proto/pass_manager.pb.go:263.52,265.41 2 0
github.com/JustWorking42/go-password-manager/proto/pass_manager.pb.go:265.41,267.34 2 0
github.com/JustWorking42/go-password-manager/proto/pass_manager.pb.go:267.34,269.4 1 0
github.com/JustWorking42/go-password-manager/proto/pass_manager.pb.go:270.3,270.12 1 0
github.com/JustWorking42/go-password-manager/proto/pass_manager.pb.go:272.2,272.24 1 0
github.com/JustWorking42/go-password-manager/proto/pass_manager.pb.go:276.43,278.2 1 0
github.com/JustWorking42/go-password-manager/proto/pass_manager.pb.go:280.37,281.14 1 0
github.com/JustWorking42/go-password-manager/proto/pass_manager.pb.go:281.14,283.3 1 0
github.com/JustWorking42/go-password-manager/proto/pass_manager.pb.go:284.2,284.11 1 0
github.com/JustWorking42/go-password-manager/proto/pass_manager.pb.go:287.39,288.14 1 0
github.com/JustWorking42/go-password-manager/proto/pass_manager.pb.go:288.14,290.3 1 0
github.com/JustWorking42/go-password-manager/proto/pass_manager.pb.go:291.2,291.11 1 0
github.com/JustWorking42/go-password-manager/proto/pass_manager.pb.go:294.36,295.14 1 0
github.com/JustWorking42/go-password-manager/proto/pass_manager.pb.go:295.14,297.3 1 0
github.com/JustWorking42/go-password-manager/proto/pass_manager.pb.go:298.2,298.11 1 0
github.com/JustWorking42/go-password-manager/proto/pass_manager.pb.go:301.37,302.14 1 0
github.com/JustWorking42/go-password-manager/proto/pass_manager.pb.go:302.14,304.3 1 0
github.com/JustWorking42/go-password-manager/proto/pass_manager.pb.go:305.2,305.11 1 0
github.com/JustWorking42/go-password-manager/proto/pass_manager.pb.go:308.35,309.14 1 0
github.com/JustWorking42/go-password-manager/proto/pass_manager.pb.go:309.14,311.3 1 0
github.com/JustWorking42/go-password-manager/proto/pass_manager.pb.go:312.2,312.11 1 0
github.com/JustWorking42/go-password-manager/proto/pass_manager.pb.go:324.24,326.29 2 0
github.com/JustWorking42/go-password-manager/proto/pass_manager.pb.go:326.29,330.3 3 0
github.com/JustWorking42/go-password-manager/proto/pass_manager.pb.go:333.32,335.2 1 0
github.com/JustWorking42/go-password-manager/proto/pass_manager.pb.go:337.30,337.31 0 0
github.com/JustWorking42/go-password-manager/proto/pass_manager.pb.go:339.52,341.41 2 0
github.com/JustWorking42/go-password-manager/proto/pass_manager.pb.go:341.41,343.34 2 0
github.com/JustWorking42/go-password-manager/proto/pass_manager.pb.go:343.34,345.4 1 0
github.com/JustWorking42/go-password-manager/proto/pass_manager.pb.go:346.3,346.12 1 0
github.com/JustWorking42/go-password-manager/proto/pass_manager.pb.go:348.2,348.24 1 0
github.com/JustWorking42/go-password-manager/proto/pass_manager.pb.go:352.43,354.2 1 0
github.com/JustWorking42/go-password-manager/proto/pass_manager.pb.go:356.37,357.14 1 0
github.com/JustWorking42/go-password-manager/proto/pass_manager.pb.go:357.14,359.3 1 0
github.com/JustWorking42/go-password-manager/proto/pass_manager.pb.go:360.2,360.11 1 0
github.com/JustWorking42/go-password-manager/proto/pass_manager.pb.go:363.33,364.14 1 0
github.com/JustWorking42/go-password-manager/proto/pass_manager.pb.go:364.14,366.3 1 0
github.com/JustWorking42/go-password-manager/proto/pass_manager.pb.go:367.2,367.11 1 0
github.com/JustWorking42/go-password-manager/proto/pass_manager.pb.go:378.34,380.29 2 0
github.com/JustWorking42/go-password-manager/proto/pass_manager.pb.go:380.29,384.3 3 0
github.com/JustWorking42/go-password-manager/proto/pass_manager.pb.go:387.42,389.2 1 0
github.com/JustWorking42/go-password-manager/proto/pass_manager.pb.go:391.40,391.41 0 0
github.com/JustWorking42/go-password-manager/proto/pass_manager.pb.go:393.62,395.41 2 0
github.com/JustWorking42/go-password-manager/proto/pass_manager.pb.go:395.41,397.34 2 0
github.com/JustWorking42/go-password-manager/proto/pass_manager.pb.go:397.34,399.4 1 0
github.com/JustWorking42/go-password-manager/proto/pass_manager.pb.go:400.3,400.12 1 0
github.com/JustWorking42/go-password-manager/proto/pass_manager.pb.go:402.2,402.24 1 0
github.com/JustWorking42/go-password-manager/proto/pass_manager.pb.go:406.53,408.2 1 0
github.com/JustWorking42/go-password-manager/proto/pass_manager.pb.go:410.47,411.14 1 0
github.com/JustWorking42/go-password-manager/proto/pass_manager.pb.go:411.14,413.3 1 0
github.com/JustWorking42/go-password-manager/proto/pass_manager.pb.go:414.2,414.11 1 0
github.com/JustWorking42/go-password-manager/proto/pass_manager.pb.go:426.25,428.29 2 0
github.com/JustWorking42/go-password-manager/proto/pass_manager.pb.go:428.29,432.3 3 0
github.com/JustWorking42/go-password-manager/proto/pass_manager.pb.go:435.33,437.2 1 0
github.com/JustWorking42/go-password-manager/proto/pass_manager.pb.go:439.31,439.32 0 0
github.com/JustWorking42/go-password-manager/proto/pass_manager.pb.go:441.53,443.41 2 0
github.com/JustWorking42/go-password-manager/proto/pass_manager.pb.go:443.41,445.34 2 0
github.com/JustWorking42/go-password-manager/proto/pass_manager.pb.go:445.34,447.4 1 0
github.com/JustWorking42/go-password-manager/proto/pass_manager.pb.go:448.3,448.12 1 0
github.com/JustWorking42/go-password-manager/proto/pass_manager.pb.go:450.2,450.24 1 0
github.com/JustWorking42/go-password-manager/proto/pass_manager.pb.go:454.44,456.2 1 0
github.com/JustWorking42/go-password-manager/proto/pass_manager.pb.go:458.39,459.14 1 0
github.com/JustWorking42/go-password-manager/proto/pass_manager.pb.go:459.14,461.3 1 0
github.com/JustWorking42/go-password-manager/proto/pass_manager.pb.go:462.2,462.11 1 0
github.com/JustWorking42/go-password-manager/proto/pass_manager.pb.go:465.35,466.14 1 0
github.com/JustWorking42/go-password-manager/proto/pass_manager.pb.go:466.14,468.3 1 0
github.com/JustWorking42/go-password-manager/proto/pass_manager.pb.go:469.2,469.12 1 0
github.com/JustWorking42/go-password-manager/proto/pass_manager.pb.go:480.35,482.29 2 0
github.com/JustWorking42/go-password-manager/proto/pass_manager.pb.go:482.29,486.3 3 0
github.com/JustWorking42/go-password-manager/proto/pass_manager.pb.go:489.43,491.2 1 0
github.com/JustWorking42/go-password-manager/proto/pass_manager.pb.go:493.41,493.42 0 0
github.com/JustWorking42/go-password-manager/proto/pass_manager.pb.go:495.63,497.41 2 0
github.com/JustWorking42/go-password-manager/proto/pass_manager.pb.go:497.41,499.34 2 0
github.com/JustWorking42/go-password-manager/proto/pass_manager.pb.go:499.34,501.4 1 0
github.com/JustWorking42/go-password-manager/proto/pass_manager.pb.go:502.3,502.12 1 0
github.com/JustWorking42/go-password-manager/proto/pass_manager.pb.go:504.2,504.24 1 0
github.com/JustWorking42/go-password-manager/proto/pass_manager.pb.go:508.54,510.2 1 0
github.com/JustWorking42/go-password-manager/proto/pass_manager.pb.go:512.49,513.14 1 0
github.com/JustWorking42/go-password-manager/proto/pass_manager.pb.go:513.14,515.3 1 0
github.com/JustWorking42/go-password-manager/proto/pass_manager.pb.go:516.2,516.11 1 0
github.com/JustWorking42/go-password-manager/proto/pass_manager.pb.go:609.51,610.48 1 0
github.com/JustWorking42/go-password-manager/proto/pass_manager.pb.go:610.48,612.3 1 0
github.com/JustWorking42/go-password-manager/proto/pass_manager.pb.go:613.2,613.44 1 0
github.com/JustWorking42/go-password-manager/proto/pass_manager.pb.go:657.13,657.47 1 1
github.com/JustWorking42/go-password-manager/proto/pass_manager.pb.go:658.37,659.36 1 1
github.com/JustWorking42/go-password-manager/proto/pass_manager.pb.go:659.36,661.3 1 0
github.com/JustWorking42/go-password-manager/proto/pass_manager.pb.go:662.2,662.30 1 1
github.com/JustWorking42/go-password-manager/proto/pass_manager.pb.go:662.30,663.89 1 0
github.com/JustWorking42/go-password-manager/proto/pass_manager.pb.go:663.89,664.30 1 0
github.com/JustWorking42/go-password-manager/proto/pass_manager.pb.go:665.11,666.20 1 0
github.com/JustWorking42/go-password-manager/proto/pass_manager.pb.go:667.11,668.24 1 0
github.com/JustWorking42/go-password-manager/proto/pass_manager.pb.go:669.11,670.28 1 0
github.com/JustWorking42/go-password-manager/proto/pass_manager.pb.go:671.12,672.15 1 0
github.com/JustWorking42/go-password-manager/proto/pass_manager.pb.go:675.3,675.89 1 0
github.com/JustWorking42/go-password-manager/proto/pass_manager.pb.go:675.89,676.43 1 0
github.com/JustWorking42/go-password-manager/proto/pass_manager.pb.go:677.11,678.20 1 0
github.com/JustWorking42/go-password-manager/proto/pass_manager.pb.go:679.11,680.24 1 0
github.com/JustWorking42/go-password-manager/proto/pass_manager.pb.go:681.11,682.28 1 0
github.com/JustWorking42/go-password-manager/proto/pass_manager.pb.go:683.12,684.15 1 0
github.com/JustWorking42/go-password-manager/proto/pass_manager.pb.go:687.3,687.89 1 0
github.com/JustWorking42/go-password-manager/proto/pass_manager.pb.go:687.89,688.33 1 0
github.com/JustWorking42/go-password-manager/proto/pass_manager.pb.go:689.11,690.20 1 0
github.com/JustWorking42/go-password-manager/proto/pass_manager.pb.go:691.11,692.24 1 0
github.com/JustWorking42/go-password-manager/proto/pass_manager.pb.go:693.11,694.28 1 0
github.com/JustWorking42/go-password-manager/proto/pass_manager.pb.go:695.12,696.15 1 0
github.com/JustWorking42/go-password-manager/proto/pass_manager.pb.go:699.3,699.89 1 0
github.com/JustWorking42/go-password-manager/proto/pass_manager.pb.go:699.89,700.39 1 0
github.com/JustWorking42/go-password-manager/proto/pass_manager.pb.go:701.11,702.20 1 0
github.com/JustWorking42/go-password-manager/proto/pass_manager.pb.go:703.11,704.24 1 0
github.com/JustWorking42/go-password-manager/proto/pass_manager.pb.go:705.11,706.28 1 0
github.com/JustWorking42/go-password-manager/proto/pass_manager.pb.go:707.12,708.15 1 0
github.com/JustWorking42/go-password-manager/proto/pass_manager.pb.go:711.3,711.89 1 0
github.com/JustWorking42/go-password-manager/proto/pass_manager.pb.go:711.89,712.29 1 0
github.com/JustWorking42/go-password-manager/proto/pass_manager.pb.go:713.11,714.20 1 0
github.com/JustWorking42/go-password-manager/proto/pass_manager.pb.go:715.11,716.24 1 0
github.com/JustWorking42/go-password-manager/proto/pass_manager.pb.go:717.11,718.28 1 0
github.com/JustWorking42/go-password-manager/proto/pass_manager.pb.go:719.12,720.15 1 0
github.com/JustWorking42/go-password-manager/proto/pass_manager.pb.go:723.3,723.89 1 0
github.com/JustWorking42/go-password-manager/proto/pass_manager.pb.go:723.89,724.29 1 0
github.com/JustWorking42/go-password-manager/proto/pass_manager.pb.go:725.11,726.20 1 0
github.com/JustWorking42/go-password-manager/proto/pass_manager.pb.go:727.11,728.24 1 0
github.com/JustWorking42/go-password-manager/proto/pass_manager.pb.go:729.11,730.28 1 0
github.com/JustWorking42/go-password-manager/proto/pass_manager.pb.go:731.12,732.15 1 0
github.com/JustWorking42/go-password-manager/proto/pass_manager.pb.go:735.3,735.89 1 0
github.com/JustWorking42/go-password-manager/proto/pass_manager.pb.go:735.89,736.39 1 0
github.com/JustWorking42/go-password-manager/proto/pass_manager.pb.go:737.11,738.20 1 0
github.com/JustWorking42/go-password-manager/proto/pass_manager.pb.go:739.11,740.24 1 0
github.com/JustWorking42/go-password-manager/proto/pass_manager.pb.go:741.11,742.28 1 0
github.com/JustWorking42/go-password-manager/proto/pass_manager.pb.go:743.12,744.15 1 0
github.com/JustWorking42/go-password-manager/proto/pass_manager.pb.go:747.3,747.89 1 0
github.com/JustWorking42/go-password-manager/proto/pass_manager.pb.go:747.89,748.30 1 0
github.com/JustWorking42/go-password-manager/proto/pass_manager.pb.go:749.11,750.20 1 0
github.com/JustWorking42/go-password-manager/proto/pass_manager.pb.go:751.11,752.24 1 0
github.com/JustWorking42/go-password-manager/proto/pass_manager.pb.go:753.11,754.28 1 0
github.com/JustWorking42/go-password-manager/proto/pass_manager.pb.go:755.12,756.15 1 0
github.com/JustWorking42/go-password-manager/proto/pass_manager.pb.go:759.3,759.89 1 0
github.com/JustWorking42/go-password-manager/proto/pass_manager.pb.go:759.89,760.40 1 0
github.com/JustWorking42/go-password-manager/proto/pass_manager.pb.go:761.11,762.20 1 0
github.com/JustWorking42/go-password-manager/proto/pass_manager.pb.go:763.11,764.24 1 0
github.com/JustWorking42/go-password-manager/proto/pass_manager.pb.go:765.11,766.28 1 0
github.com/JustWorking42/go-password-manager/proto/pass_manager.pb.go:767.12,768.15 1 0
github.com/JustWorking42/go-password-manager/proto/pass_manager.pb.go:772.2,789.39 6 1
github.com/JustWorking42/go-password-manager/proto/pass_manager_client_mock.go:28.80,32.2 3 1
github.com/JustWorking42/go-password-manager/proto/pass_manager_client_mock.go:35.77,37.2 1 1
github.com/JustWorking42/go-password-manager/proto/pass_manager_client_mock.go:40.123,43.25 3 1
github.com/JustWorking42/go-password-manager/proto/pass_manager_client_mock.go:43.25,45.3 1 0
github.com/JustWorking42/go-password-manager/proto/pass_manager_client_mock.go:46.2,49.19 4 1
github.com/JustWorking42/go-password-manager/proto/pass_manager_client_mock.go:53.110,57.2 3 1
github.com/JustWorking42/go-password-manager/proto/pass_manager_client_mock.go:60.121,63.25 3 1
github.com/JustWorking42/go-password-manager/proto/pass_manager_client_mock.go:63.25,65.3 1 0
github.com/JustWorking42/go-password-manager/proto/pass_manager_client_mock.go:66.2,69.19 4 1
github.com/JustWorking42/go-password-manager/proto/pass_manager_client_mock.go:73.109,77.2 3 1
github.com/JustWorking42/go-password-manager/proto/pass_manager_client_mock.go:80.121,83.25 3 1
github.com/JustWorking42/go-password-manager/proto/pass_manager_client_mock.go:83.25,85.3 1 0
github.com/JustWorking42/go-password-manager/proto/pass_manager_client_mock.go:86.2,89.19 4 1
github.com/JustWorking42/go-password-manager/proto/pass_manager_client_mock.go:93.109,97.2 3 1
github.com/JustWorking42/go-password-manager/proto/pass_manager_client_mock.go:100.129,103.25 3 1
github.com/JustWorking42/go-password-manager/proto/pass_manager_client_mock.go:103.25,105.3 1 0
github.com/JustWorking42/go-password-manager/proto/pass_manager_client_mock.go:106.2,109.19 4 1
github.com/JustWorking42/go-password-manager/proto/pass_manager_client_mock.go:113.113,117.2 3 1
github.com/JustWorking42/go-password-manager/proto/pass_manager_client_mock.go:120.125,123.25 3 1
github.com/JustWorking42/go-password-manager/proto/pass_manager_client_mock.go:123.25,125.3 1 0
github.com/JustWorking42/go-password-manager/proto/pass_manager_client_mock.go:126.2,129.19 4 1
github.com/JustWorking42/go-password-manager/proto/pass_manager_client_mock.go:133.110,137.2 3 1
github.com/JustWorking42/go-password-manager/proto/pass_manager_client_mock.go:140.122,143.25 3 1
github.com/JustWorking42/go-password-manager/proto/pass_manager_client_mock.go:143.25,145.3 1 0
github.com/JustWorking42/go-password-manager/proto/pass_manager_client_mock.go:146.2,149.19 4 1
github.com/JustWorking42/go-password-manager/proto/pass_manager_client_mock.go:153.109,157.2 3 1
github.com/JustWorking42/go-password-manager/proto/pass_manager_client_mock.go:160.122,163.25 3 1
github.com/JustWorking42/go-password-manager/proto/pass_manager_client_mock.go:163.25,165.3 1 0
github.com/JustWorking42/go-password-manager/proto/pass_manager_client_mock.go:166.2,169.19 4 1
github.com/JustWorking42/go-password-manager/proto/pass_manager_client_mock.go:173.109,177.2 3 1
github.com/JustWorking42/go-password-manager/proto/pass_manager_client_mock.go:180.134,183.25 3 1
github.com/JustWorking42/go-password-manager/proto/pass_manager_client_mock.go:183.25,185.3 1 0
github.com/JustWorking42/go-password-manager/proto/pass_manager_client_mock.go:186.2,189.19 4 1
github.com/JustWorking42/go-password-manager/proto/pass_manager_client_mock.go:193.113,197.2 3 1
github.com/JustWorking42/go-password-manager/proto/pass_manager_client_mock.go:200.120,203.25 3 1
github.com/JustWorking42/go-password-manager/proto/pass_manager_client_mock.go:203.25,205.3 1 1
github.com/JustWorking42/go-password-manager/proto/pass_manager_client_mock.go:206.2,209.19 4 1
github.com/JustWorking42/go-password-manager/proto/pass_manager_client_mock.go:213.107,217.2 3 1
github.com/JustWorking42/go-password-manager/proto/pass_manager_client_mock.go:220.123,223.25 3 1
github.com/JustWorking42/go-password-manager/proto/pass_manager_client_mock.go:223.25,225.3 1 1
github.com/JustWorking42/go-password-manager/proto/pass_manager_client_mock.go:226.2,229.19 4 1
github.com/JustWorking42/go-password-manager/proto/pass_manager_client_mock.go:233.110,237.2 3 1
github.com/JustWorking42/go-password-manager/proto/pass_manager_client_mock.go:251.79,255.2 3 0
github.com/JustWorking42/go-password-manager/proto/pass_manager_client_mock.go:258.77,260.2 1 0
github.com/JustWorking42/go-password-manager/proto/pass_manager_client_mock.go:263.101,269.2 5 0
github.com/JustWorking42/go-password-manager/proto/pass_manager_client_mock.go:272.92,275.2 2 0
github.com/JustWorking42/go-password-manager/proto/pass_manager_client_mock.go:278.99,284.2 5 0
github.com/JustWorking42/go-password-manager/proto/pass_manager_client_mock.go:287.91,290.2 2 0
github.com/JustWorking42/go-password-manager/proto/pass_manager_client_mock.go:293.99,299.2 5 0
github.com/JustWorking42/go-password-manager/proto/pass_manager_client_mock.go:302.91,305.2 2 0
github.com/JustWorking42/go-password-manager/proto/pass_manager_client_mock.go:308.107,314.2 5 0
github.com/JustWorking42/go-password-manager/proto/pass_manager_client_mock.go:317.95,320.2 2 0
github.com/JustWorking42/go-password-manager/proto/pass_manager_client_mock.go:323.103,329.2 5 0
github.com/JustWorking42/go-password-manager/proto/pass_manager_client_mock.go:332.92,335.2 2 0
github.com/JustWorking42/go-password-manager/proto/pass_manager_client_mock.go:338.100,344.2 5 0
github.com/JustWorking42/go-password-manager/proto/pass_manager_client_mock.go:347.91,350.2 2 0
github.com/JustWorking42/go-password-manager/proto/pass_manager_client_mock.go:353.100,359.2 5 0
github.com/JustWorking42/go-password-manager/proto/pass_manager_client_mock.go:362.91,365.2 2 0
github.com/JustWorking42/go-password-manager/proto/pass_manager_client_mock.go:368.112,374.2 5 0
github.com/JustWorking42/go-password-manager/proto/pass_manager_client_mock.go:377.95,380.2 2 0
github.com/JustWorking42/go-password-manager/proto/pass_manager_client_mock.go:383.98,389.2 5 0
github.com/JustWorking42/go-password-manager/proto/pass_manager_client_mock.go:392.89,395.2 2 0
github.com/JustWorking42/go-password-manager/proto/pass_manager_client_mock.go:398.101,404.2 5 0
github.com/JustWorking42/go-password-manager/proto/pass_manager_client_mock.go:407.92,410.2 2 0
github.com/JustWorking42/go-password-manager/proto/pass_manager_client_mock.go:413.75,416.2 2 0
github.com/JustWorking42/go-password-manager/proto/pass_manager_client_mock.go:419.101,422.2 2 0
github.com/JustWorking42/go-password-manager/proto/pass_manager_client_mock.go:436.91,440.2 3 0
github.com/JustWorking42/go-password-manager/proto/pass_manager_client_mock.go:443.89,445.2 1 0
github.com/JustWorking42/go-password-manager/proto/pass_manager_client_mock.go:448.81,451.2 2 0
github.com/JustWorking42/go-password-manager/proto/pass_manager_client_mock.go:454.107,457.2 2 0
github.com/JustWorking42/go-password-manager/proto/pass_manager_grpc.pb.go:55.74,57.2 1 0
github.com/JustWorking42/go-password-manager/proto/pass_manager_grpc.pb.go:59.119,62.16 3 0
github.com/JustWorking42/go-password-manager/proto/pass_manager_grpc.pb.go:62.16,64.3 1 0
github.com/JustWorking42/go-password-manager/proto/pass_manager_grpc.pb.go:65.2,65.17 1 0
github.com/JustWorking42/go-password-manager/proto/pass_manager_grpc.pb.go:68.116,71.16 3 0
github.com/JustWorking42/go-password-manager/proto/pass_manager_grpc.pb.go:71.16,73.3 1 0
github.com/JustWorking42/go-password-manager/proto/pass_manager_grpc.pb.go:74.2,74.17 1 0
github.com/JustWorking42/go-password-manager/proto/pass_manager_grpc.pb.go:77.125,80.16 3 0
github.com/JustWorking42/go-password-manager/proto/pass_manager_grpc.pb.go:80.16,82.3 1 0
github.com/JustWorking42/go-password-manager/proto/pass_manager_grpc.pb.go:83.2,83.17 1 0
github.com/JustWorking42/go-password-manager/proto/pass_manager_grpc.pb.go:86.130,89.16 3 0
github.com/JustWorking42/go-password-manager/proto/pass_manager_grpc.pb.go:89.16,91.3 1 0
github.com/JustWorking42/go-password-manager/proto/pass_manager_grpc.pb.go:92.2,92.17 1 0
github.com/JustWorking42/go-password-manager/proto/pass_manager_grpc.pb.go:95.117,98.16 3 0
github.com/JustWorking42/go-password-manager/proto/pass_manager_grpc.pb.go:98.16,100.3 1 0
github.com/JustWorking42/go-password-manager/proto/pass_manager_grpc.pb.go:101.2,101.17 1 0
github.com/JustWorking42/go-password-manager/proto/pass_manager_grpc.pb.go:104.118,107.16 3 0
github.com/JustWorking42/go-password-manager/proto/pass_manager_grpc.pb.go:107.16,109.3 1 0
github.com/JustWorking42/go-password-manager/proto/pass_manager_grpc.pb.go:110.2,110.17 1 0
github.com/JustWorking42/go-password-manager/proto/pass_manager_grpc.pb.go:113.117,116.16 3 0
github.com/JustWorking42/go-password-manager/proto/pass_manager_grpc.pb.go:116.16,118.3 1 0
github.com/JustWorking42/go-password-manager/proto/pass_manager_grpc.pb.go:119.2,119.17 1 0
github.com/JustWorking42/go-password-manager/proto/pass_manager_grpc.pb.go:122.118,125.16 3 0
github.com/JustWorking42/go-password-manager/proto/pass_manager_grpc.pb.go:125.16,127.3 1 0
github.com/JustWorking42/go-password-manager/proto/pass_manager_grpc.pb.go:128.2,128.17 1 0
github.com/JustWorking42/go-password-manager/proto/pass_manager_grpc.pb.go:131.119,134.16 3 0
github.com/JustWorking42/go-password-manager/proto/pass_manager_grpc.pb.go:134.16,136.3 1 0
github.com/JustWorking42/go-password-manager/proto/pass_manager_grpc.pb.go:137.2,137.17 1 0
github.com/JustWorking42/go-password-manager/proto/pass_manager_grpc.pb.go:140.121,143.16 3 0
github.com/JustWorking42/go-password-manager/proto/pass_manager_grpc.pb.go:143.16,145.3 1 0
github.com/JustWorking42/go-password-manager/proto/pass_manager_grpc.pb.go:146.2,146.17 1 0
github.com/JustWorking42/go-password-manager/proto/pass_manager_grpc.pb.go:170.97,172.2 1 0
github.com/JustWorking42/go-password-manager/proto/pass_manager_grpc.pb.go:173.94,175.2 1 0
github.com/JustWorking42/go-password-manager/proto/pass_manager_grpc.pb.go:176.103,178.2 1 0
github.com/JustWorking42/go-password-manager/proto/pass_manager_grpc.pb.go:179.108,181.2 1 0
github.com/JustWorking42/go-password-manager/proto/pass_manager_grpc.pb.go:182.95,184.2 1 0
github.com/JustWorking42/go-password-manager/proto/pass_manager_grpc.pb.go:185.96,187.2 1 0
github.com/JustWorking42/go-password-manager/proto/pass_manager_grpc.pb.go:188.95,190.2 1 0
github.com/JustWorking42/go-password-manager/proto/pass_manager_grpc.pb.go:191.96,193.2 1 0
github.com/JustWorking42/go-password-manager/proto/pass_manager_grpc.pb.go:194.97,196.2 1 0
github.com/JustWorking42/go-password-manager/proto/pass_manager_grpc.pb.go:197.99,199.2 1 0
github.com/JustWorking42/go-password-manager/proto/pass_manager_grpc.pb.go:200.82,200.83 0 0
github.com/JustWorking42/go-password-manager/proto/pass_manager_grpc.pb.go:209.80,211.2 1 0
github.com/JustWorking42/go-password-manager/proto/pass_manager_grpc.pb.go:213.165,215.32 2 0
github.com/JustWorking42/go-password-manager/proto/pass_manager_grpc.pb.go:215.32,217.3 1 0
github.com/JustWorking42/go-password-manager/proto/pass_manager_grpc.pb.go:218.2,218.24 1 0
github.com/JustWorking42/go-password-manager/proto/pass_manager_grpc.pb.go:218.24,220.3 1 0
github.com/JustWorking42/go-password-manager/proto/pass_manager_grpc.pb.go:221.2,225.77 2 0
github.com/JustWorking42/go-password-manager/proto/pass_manager_grpc.pb.go:225.77,227.3 1 0
github.com/JustWorking42/go-password-manager/proto/pass_manager_grpc.pb.go:228.2,228.44 1 0
github.com/JustWorking42/go-password-manager/proto/pass_manager_grpc.pb.go:231.162,233.32 2 0
github.com/JustWorking42/go-password-manager/proto/pass_manager_grpc.pb.go:233.32,235.3 1 0
github.com/JustWorking42/go-password-manager/proto/pass_manager_grpc.pb.go:236.2,236.24 1 0
github.com/JustWorking42/go-password-manager/proto/pass_manager_grpc.pb.go:236.24,238.3 1 0
github.com/JustWorking42/go-password-manager/proto/pass_manager_grpc.pb.go:239.2,243.77 2 0
github.com/JustWorking42/go-password-manager/proto/pass_manager_grpc.pb.go:243.77,245.3 1 0
github.com/JustWorking42/go-password-manager/proto/pass_manager_grpc.pb.go:246.2,246.44 1 0
github.com/JustWorking42/go-password-manager/proto/pass_manager_grpc.pb.go:249.168,251.32 2 0
github.com/JustWorking42/go-password-manager/proto/pass_manager_grpc.pb.go:251.32,253.3 1 0
github.com/JustWorking42/go-password-manager/proto/pass_manager_grpc.pb.go:254.2,254.24 1 0
github.com/JustWorking42/go-password-manager/proto/pass_manager_grpc.pb.go:254.24,256.3 1 0
github.com/JustWorking42/go-password-manager/proto/pass_manager_grpc.pb.go:257.2,261.77 2 0
github.com/JustWorking42/go-password-manager/proto/pass_manager_grpc.pb.go:261.77,263.3 1 0
github.com/JustWorking42/go-password-manager/proto/pass_manager_grpc.pb.go:264.2,264.44 1 0
github.com/JustWorking42/go-password-manager/proto/pass_manager_grpc.pb.go:267.168,269.32 2 0
github.com/JustWorking42/go-password-manager/proto/pass_manager_grpc.pb.go:269.32,271.3 1 0
github.com/JustWorking42/go-password-manager/proto/pass_manager_grpc.pb.go:272.2,272.24 1 0
github.com/JustWorking42/go-password-manager/proto/pass_manager_grpc.pb.go:272.24,274.3 1 0
github.com/JustWorking42/go-password-manager/proto/pass_manager_grpc.pb.go:275.2,279.77 2 0
github.com/JustWorking42/go-password-manager/proto/pass_manager_grpc.pb.go:279.77,281.3 1 0
github.com/JustWorking42/go-password-manager/proto/pass_manager_grpc.pb.go:282.2,282.44 1 0
github.com/JustWorking42/go-password-manager/proto/pass_manager_grpc.pb.go:285.164,287.32 2 0
github.com/JustWorking42/go-password-manager/proto/pass_manager_grpc.pb.go:287.32,289.3 1 0
github.com/JustWorking42/go-password-manager/proto/pass_manager_grpc.pb.go:290.2,290.24 1 0
github.com/JustWorking42/go-password-manager/proto/pass_manager_grpc.pb.go:290.24,292.3 1 0
github.com/JustWorking42/go-password-manager/proto/pass_manager_grpc.pb.go:293.2,297.77 2 0
github.com/JustWorking42/go-password-manager/proto/pass_manager_grpc.pb.go:297.77,299.3 1 0
github.com/JustWorking42/go-password-manager/proto/pass_manager_grpc.pb.go:300.2,300.44 1 0
github.com/JustWorking42/go-password-manager/proto/pass_manager_grpc.pb.go:303.164,305.32 2 0
github.com/JustWorking42/go-password-manager/proto/pass_manager_grpc.pb.go:305.32,307.3 1 0
github.com/JustWorking42/go-password-manager/proto/pass_manager_grpc.pb.go:308.2,308.24 1 0
github.com/JustWorking42/go-password-manager/proto/pass_manager_grpc.pb.go:308.24,310.3 1 0
github.com/JustWorking42/go-password-manager/proto/pass_manager_grpc.pb.go:311.2,315.77 2 0
github.com/JustWorking42/go-password-manager/proto/pass_manager_grpc.pb.go:315.77,317.3 1 0
github.com/JustWorking42/go-password-manager/proto/pass_manager_grpc.pb.go:318.2,318.44 1 0
github.com/JustWorking42/go-password-manager/proto/pass_manager_grpc.pb.go:321.164,323.32 2 0
github.com/JustWorking42/go-password-manager/proto/pass_manager_grpc.pb.go:323.32,325.3 1 0
github.com/JustWorking42/go-password-manager/proto/pass_manager_grpc.pb.go:326.2,326.24 1 0
github.com/JustWorking42/go-password-manager/proto/pass_manager_grpc.pb.go:326.24,328.3 1 0
github.com/JustWorking42/go-password-manager/proto/pass_manager_grpc.pb.go:329.2,333.77 2 0
github.com/JustWorking42/go-password-manager/proto/pass_manager_grpc.pb.go:333.77,335.3 1 0
github.com/JustWorking42/go-password-manager/proto/pass_manager_grpc.pb.go:336.2,336.44 1 0
github.com/JustWorking42/go-password-manager/proto/pass_manager_grpc.pb.go:339.164,341.32 2 0
github.com/JustWorking42/go-password-manager/proto/pass_manager_grpc.pb.go:341.32,343.3 1 0
github.com/JustWorking42/go-password-manager/proto/pass_manager_grpc.pb.go:344.2,344.24 1 0
github.com/JustWorking42/go-password-manager/proto/pass_manager_grpc.pb.go:344.24,346.3 1 0
github.com/JustWorking42/go-password-manager/proto/pass_manager_grpc.pb.go:347.2,351.77 2 0
github.com/JustWorking42/go-password-manager/proto/pass_manager_grpc.pb.go:351.77,353.3 1 0
github.com/JustWorking42/go-password-manager/proto/pass_manager_grpc.pb.go:354.2,354.44 1 0
github.com/JustWorking42/go-password-manager/proto/pass_manager_grpc.pb.go:357.165,359.32 2 0
github.com/JustWorking42/go-password-manager/proto/pass_manager_grpc.pb.go:359.32,361.3 1 0
github.com/JustWorking42/go-password-manager/proto/pass_manager_grpc.pb.go:362.2,362.24 1 0
github.com/JustWorking42/go-password-manager/proto/pass_manager_grpc.pb.go:362.24,364.3 1 0
github.com/JustWorking42/go-password-manager/proto/pass_manager_grpc.pb.go:365.2,369.77 2 0
github.com/JustWorking42/go-password-manager/proto/pass_manager_grpc.pb.go:369.77,371.3 1 0
github.com/JustWorking42/go-password-manager/proto/pass_manager_grpc.pb.go:372.2,372.44 1 0
github.com/JustWorking42/go-password-manager/proto/pass_manager_grpc.pb.go:375.165,377.32 2 0
github.com/JustWorking42/go-password-manager/proto/pass_manager_grpc.pb.go:377.32,379.3 1 0
github.com/JustWorking42/go-password-manager/proto/pass_manager_grpc.pb.go:380.2,380.24 1 0
github.com/JustWorking42/go-password-manager/proto/pass_manager_grpc.pb.go:380.24,382.3 1 0
github.com/JustWorking42/go-password-manager/proto/pass_manager_grpc.pb.go:383.2,387.77 2 0
github.com/JustWorking42/go-password-manager/proto/pass_manager_grpc.pb.go:387.77,389.3 1 0
github.com/JustWorking42/go-password-manager/proto/pass_manager_grpc.pb.go:390.2,390.44 1 0
github.com/JustWorking42/go-password-manager/internal/server/storage/config.go:16.31,18.2 1 0
github.com/JustWorking42/go-password-manager/internal/server/storage/mock_storage.go:27.59,31.2 3 0
github.com/JustWorking42/go-password-manager/internal/server/storage/mock_storage.go:34.57,36.2 1 0
github.com/JustWorking42/go-password-manager/internal/server/storage/mock_storage.go:39.105,44.2 4 0
github.com/JustWorking42/go-password-manager/internal/server/storage/mock_storage.go:47.91,50.2 2 0
github.com/JustWorking42/go-password-manager/internal/server/storage/mock_storage.go:53.96,58.2 4 0
github.com/JustWorking42/go-password-manager/internal/server/storage/mock_storage.go:61.84,64.2 2 0
github.com/JustWorking42/go-password-manager/internal/server/storage/mock_storage.go:67.92,72.2 4 0
github.com/JustWorking42/go-password-manager/internal/server/storage/mock_storage.go:75.84,78.2 2 0
github.com/JustWorking42/go-password-manager/internal/server/storage/mock_storage.go:81.104,86.2 4 0
github.com/JustWorking42/go-password-manager/internal/server/storage/mock_storage.go:89.88,92.2 2 0
github.com/JustWorking42/go-password-manager/internal/server/storage/mock_storage.go:95.91,101.2 5 0
github.com/JustWorking42/go-password-manager/internal/server/storage/mock_storage.go:104.80,107.2 2 0
github.com/JustWorking42/go-password-manager/internal/server/storage/mock_storage.go:110.50,113.2 2 0
github.com/JustWorking42/go-password-manager/internal/server/storage/mock_storage.go:116.72,119.2 2 0
github.com/JustWorking42/go-password-manager/internal/server/storage/mock_storage.go:122.115,128.2 5 0
github.com/JustWorking42/go-password-manager/internal/server/storage/mock_storage.go:131.91,134.2 2 0
github.com/JustWorking42/go-password-manager/internal/server/storage/mock_storage.go:137.110,143.2 5 0
github.com/JustWorking42/go-password-manager/internal/server/storage/mock_storage.go:146.88,149.2 2 0
github.com/JustWorking42/go-password-manager/internal/server/storage/mock_storage.go:152.106,158.2 5 0
github.com/JustWorking42/go-password-manager/internal/server/storage/mock_storage.go:161.88,164.2 2 0
github.com/JustWorking42/go-password-manager/internal/server/storage/mock_storage.go:167.122,173.2 5 0
github.com/JustWorking42/go-password-manager/internal/server/storage/mock_storage.go:176.96,179.2 2 0
github.com/JustWorking42/go-password-manager/internal/server/storage/mock_storage.go:182.80,188.2 5 0
github.com/JustWorking42/go-password-manager/internal/server/storage/mock_storage.go:191.81,194.2 2 0
github.com/JustWorking42/go-password-manager/internal/server/storage/mock_storage.go:197.87,203.2 5 0
github.com/JustWorking42/go-password-manager/internal/server/storage/mock_storage.go:206.88,209.2 2 0
github.com/JustWorking42/go-password-manager/internal/server/storage/model.go:46.54,55.2 1 0
github.com/JustWorking42/go-password-manager/internal/server/storage/mongo/mongo.go:21.91,24.16 3 0
github.com/JustWorking42/go-password-manager/internal/server/storage/mongo/mongo.go:24.16,26.3 1 0
github.com/JustWorking42/go-password-manager/internal/server/storage/mongo/mongo.go:27.2,28.16 2 0
github.com/JustWorking42/go-password-manager/internal/server/storage/mongo/mongo.go:28.16,30.3 1 0
github.com/JustWorking42/go-password-manager/internal/server/storage/mongo/mongo.go:32.2,32.43 1 0
github.com/JustWorking42/go-password-manager/internal/server/storage/mongo/mongo.go:36.113,38.16 2 0
github.com/JustWorking42/go-password-manager/internal/server/storage/mongo/mongo.go:38.16,40.3 1 0
github.com/JustWorking42/go-password-manager/internal/server/storage/mongo/mongo.go:41.2,43.70 2 0
github.com/JustWorking42/go-password-manager/internal/server/storage/mongo/mongo.go:43.70,63.17 5 0
github.com/JustWorking42/go-password-manager/internal/server/storage/mongo/mongo.go:63.17,65.4 1 0
github.com/JustWorking42/go-password-manager/internal/server/storage/mongo/mongo.go:66.3,66.32 1 0
github.com/JustWorking42/go-password-manager/internal/server/storage/mongo/mongo.go:66.32,68.4 1 0
github.com/JustWorking42/go-password-manager/internal/server/storage/mongo/mongo.go:69.3,69.18 1 0
github.com/JustWorking42/go-password-manager/internal/server/storage/mongo/mongo.go:72.2,74.12 2 0
github.com/JustWorking42/go-password-manager/internal/server/storage/mongo/mongo.go:78.131,80.16 2 0
github.com/JustWorking42/go-password-manager/internal/server/storage/mongo/mongo.go:80.16,82.3 1 0
github.com/JustWorking42/go-password-manager/internal/server/storage/mongo/mongo.go:83.2,85.70 2 0
github.com/JustWorking42/go-password-manager/internal/server/storage/mongo/mongo.go:85.70,94.17 7 0
github.com/JustWorking42/go-password-manager/internal/server/storage/mongo/mongo.go:94.17,96.4 1 0
github.com/JustWorking42/go-password-manager/internal/server/storage/mongo/mongo.go:97.3,97.31 1 0
github.com/JustWorking42/go-password-manager/internal/server/storage/mongo/mongo.go:97.31,99.4 1 0
github.com/JustWorking42/go-password-manager/internal/server/storage/mongo/mongo.go:101.3,101.32 1 0
github.com/JustWorking42/go-password-manager/internal/server/storage/mongo/mongo.go:104.2,105.16 2 0
github.com/JustWorking42/go-password-manager/internal/server/storage/mongo/mongo.go:105.16,107.3 1 0
github.com/JustWorking42/go-password-manager/internal/server/storage/mongo/mongo.go:109.2,110.9 2 0
github.com/JustWorking42/go-password-manager/internal/server/storage/mongo/mongo.go:110.9,112.3 1 0
github.com/JustWorking42/go-password-manager/internal/server/storage/mongo/mongo.go:114.2,114.26 1 0
github.com/JustWorking42/go-password-manager/internal/server/storage/mongo/mongo.go:118.100,120.16 2 0
github.com/JustWorking42/go-password-manager/internal/server/storage/mongo/mongo.go:120.16,122.3 1 0
github.com/JustWorking42/go-password-manager/internal/server/storage/mongo/mongo.go:123.2,125.70 2 0
github.com/JustWorking42/go-password-manager/internal/server/storage/mongo/mongo.go:125.70,128.17 3 0
github.com/JustWorking42/go-password-manager/internal/server/storage/mongo/mongo.go:128.17,130.4 1 0
github.com/JustWorking42/go-password-manager/internal/server/storage/mongo/mongo.go:131.3,132.10 2 0
github.com/JustWorking42/go-password-manager/internal/server/storage/mongo/mongo.go:132.10,134.4 1 0
github.com/JustWorking42/go-password-manager/internal/server/storage/mongo/mongo.go:135.3,135.21 1 0
github.com/JustWorking42/go-password-manager/internal/server/storage/mongo/mongo.go:138.2,139.16 2 0
github.com/JustWorking42/go-password-manager/internal/server/storage/mongo/mongo.go:139.16,141.3 1 0
github.com/JustWorking42/go-password-manager/internal/server/storage/mongo/mongo.go:143.2,144.9 2 0
github.com/JustWorking42/go-password-manager/internal/server/storage/mongo/mongo.go:144.9,146.3 1 0
github.com/JustWorking42/go-password-manager/internal/server/storage/mongo/mongo.go:148.2,148.20 1 0
github.com/JustWorking42/go-password-manager/internal/server/storage/mongo/mongo.go:152.88,154.16 2 0
github.com/JustWorking42/go-password-manager/internal/server/storage/mongo/mongo.go:154.16,156.3 1 0
github.com/JustWorking42/go-password-manager/internal/server/storage/mongo/mongo.go:157.2,159.70 2 0
github.com/JustWorking42/go-password-manager/internal/server/storage/mongo/mongo.go:159.70,165.17 5 0
github.com/JustWorking42/go-password-manager/internal/server/storage/mongo/mongo.go:165.17,166.44 1 0
github.com/JustWorking42/go-password-manager/internal/server/storage/mongo/mongo.go:166.44,168.5 1 0
github.com/JustWorking42/go-password-manager/internal/server/storage/mongo/mongo.go:169.4,169.21 1 0
github.com/JustWorking42/go-password-manager/internal/server/storage/mongo/mongo.go:171.3,171.20 1 0
github.com/JustWorking42/go-password-manager/internal/server/storage/mongo/mongo.go:174.2,175.16 2 0
github.com/JustWorking42/go-password-manager/internal/server/storage/mongo/mongo.go:175.16,177.3 1 0
github.com/JustWorking42/go-password-manager/internal/server/storage/mongo/mongo.go:179.2,180.9 2 0
github.com/JustWorking42/go-password-manager/internal/server/storage/mongo/mongo.go:180.9,182.3 1 0
github.com/JustWorking42/go-password-manager/internal/server/storage/mongo/mongo.go:184.2,184.23 1 0
github.com/JustWorking42/go-password-manager/internal/server/storage/mongo/mongo.go:188.89,190.16 2 0
github.com/JustWorking42/go-password-manager/internal/server/storage/mongo/mongo.go:190.16,192.3 1 0
github.com/JustWorking42/go-password-manager/internal/server/storage/mongo/mongo.go:193.2,195.70 2 0
github.com/JustWorking42/go-password-manager/internal/server/storage/mongo/mongo.go:195.70,201.17 5 0
github.com/JustWorking42/go-password-manager/internal/server/storage/mongo/mongo.go:201.17,203.4 1 0
github.com/JustWorking42/go-password-manager/internal/server/storage/mongo/mongo.go:204.3,204.19 1 0
github.com/JustWorking42/go-password-manager/internal/server/storage/mongo/mongo.go:207.2,208.16 2 0
github.com/JustWorking42/go-password-manager/internal/server/storage/mongo/mongo.go:208.16,210.3 1 0
github.com/JustWorking42/go-password-manager/internal/server/storage/mongo/mongo.go:212.2,213.9 2 0
github.com/JustWorking42/go-password-manager/internal/server/storage/mongo/mongo.go:213.9,215.3 1 0
github.com/JustWorking42/go-password-manager/internal/server/storage/mongo/mongo.go:217.2,217.18 1 0
github.com/JustWorking42/go-password-manager/internal/server/storage/mongo/mongo.go:221.105,223.16 2 0
github.com/JustWorking42/go-password-manager/internal/server/storage/mongo/mongo.go:223.16,225.3 1 0
github.com/JustWorking42/go-password-manager/internal/server/storage/mongo/mongo.go:226.2,228.70 2 0
github.com/JustWorking42/go-password-manager/internal/server/storage/mongo/mongo.go:228.70,247.17 5 0
github.com/JustWorking42/go-password-manager/internal/server/storage/mongo/mongo.go:247.17,249.4 1 0
github.com/JustWorking42/go-password-manager/internal/server/storage/mongo/mongo.go:250.3,250.32 1 0
github.com/JustWorking42/go-password-manager/internal/server/storage/mongo/mongo.go:250.32,252.4 1 0
github.com/JustWorking42/go-password-manager/internal/server/storage/mongo/mongo.go:253.3,253.18 1 0
github.com/JustWorking42/go-password-manager/internal/server/storage/mongo/mongo.go:256.2,257.12 2 0
github.com/JustWorking42/go-password-manager/internal/server/storage/mongo/mongo.go:261.119,263.16 2 0
github.com/JustWorking42/go-password-manager/internal/server/storage/mongo/mongo.go:263.16,265.3 1 0
github.com/JustWorking42/go-password-manager/internal/server/storage/mongo/mongo.go:266.2,268.70 2 0
github.com/JustWorking42/go-password-manager/internal/server/storage/mongo/mongo.go:268.70,277.17 7 0
github.com/JustWorking42/go-password-manager/internal/server/storage/mongo/mongo.go:277.17,279.4 1 0
github.com/JustWorking42/go-password-manager/internal/server/storage/mongo/mongo.go:280.3,280.27 1 0
github.com/JustWorking42/go-password-manager/internal/server/storage/mongo/mongo.go:280.27,282.4 1 0
github.com/JustWorking42/go-password-manager/internal/server/storage/mongo/mongo.go:284.3,284.28 1 0
github.com/JustWorking42/go-password-manager/internal/server/storage/mongo/mongo.go:287.2,288.16 2 0
github.com/JustWorking42/go-password-manager/internal/server/storage/mongo/mongo.go:288.16,290.3 1 0
github.com/JustWorking42/go-password-manager/internal/server/storage/mongo/mongo.go:292.2,293.9 2 0
github.com/JustWorking42/go-password-manager/internal/server/storage/mongo/mongo.go:293.9,295.3 1 0
github.com/JustWorking42/go-password-manager/internal/server/storage/mongo/mongo.go:297.2,297.22 1 0
github.com/JustWorking42/go-password-manager/internal/server/storage/mongo/mongo.go:301.101,303.16 2 0
github.com/JustWorking42/go-password-manager/internal/server/storage/mongo/mongo.go:303.16,305.3 1 0
github.com/JustWorking42/go-password-manager/internal/server/storage/mongo/mongo.go:306.2,308.70 2 0
github.com/JustWorking42/go-password-manager/internal/server/storage/mongo/mongo.go:308.70,327.17 5 0
github.com/JustWorking42/go-password-manager/internal/server/storage/mongo/mongo.go:327.17,329.4 1 0
github.com/JustWorking42/go-password-manager/internal/server/storage/mongo/mongo.go:330.3,330.32 1 0
github.com/JustWorking42/go-password-manager/internal/server/storage/mongo/mongo.go:330.32,332.4 1 0
github.com/JustWorking42/go-password-manager/internal/server/storage/mongo/mongo.go:333.3,333.18 1 0
github.com/JustWorking42/go-password-manager/internal/server/storage/mongo/mongo.go:336.2,337.12 2 0
github.com/JustWorking42/go-password-manager/internal/server/storage/mongo/mongo.go:341.115,343.16 2 0
github.com/JustWorking42/go-password-manager/internal/server/storage/mongo/mongo.go:343.16,345.3 1 0
github.com/JustWorking42/go-password-manager/internal/server/storage/mongo/mongo.go:346.2,348.70 2 0
github.com/JustWorking42/go-password-manager/internal/server/storage/mongo/mongo.go:348.70,357.17 7 0
github.com/JustWorking42/go-password-manager/internal/server/storage/mongo/mongo.go:357.17,359.4 1 0
github.com/JustWorking42/go-password-manager/internal/server/storage/mongo/mongo.go:360.3,360.27 1 0
github.com/JustWorking42/go-password-manager/internal/server/storage/mongo/mongo.go:360.27,362.4 1 0
github.com/JustWorking42/go-password-manager/internal/server/storage/mongo/mongo.go:364.3,364.28 1 0
github.com/JustWorking42/go-password-manager/internal/server/storage/mongo/mongo.go:367.2,368.16 2 0
github.com/JustWorking42/go-password-manager/internal/server/storage/mongo/mongo.go:368.16,370.3 1 0
github.com/JustWorking42/go-password-manager/internal/server/storage/mongo/mongo.go:372.2,373.9 2 0
github.com/JustWorking42/go-password-manager/internal/server/storage/mongo/mongo.go:373.9,375.3 1 0
github.com/JustWorking42/go-password-manager/internal/server/storage/mongo/mongo.go:377.2,377.18 1 0
github.com/JustWorking42/go-password-manager/internal/server/storage/mongo/mongo.go:381.114,383.16 2 0
github.com/JustWorking42/go-password-manager/internal/server/storage/mongo/mongo.go:383.16,385.3 1 0
github.com/JustWorking42/go-password-manager/internal/server/storage/mongo/mongo.go:386.2,388.70 2 0
github.com/JustWorking42/go-password-manager/internal/server/storage/mongo/mongo.go:388.70,407.17 5 0
github.com/JustWorking42/go-password-manager/internal/server/storage/mongo/mongo.go:407.17,409.4 1 0
github.com/JustWorking42/go-password-manager/internal/server/storage/mongo/mongo.go:410.3,410.32 1 0
github.com/JustWorking42/go-password-manager/internal/server/storage/mongo/mongo.go:410.32,412.4 1 0
github.com/JustWorking42/go-password-manager/internal/server/storage/mongo/mongo.go:413.3,413.18 1 0
github.com/JustWorking42/go-password-manager/internal/server/storage/mongo/mongo.go:416.2,417.12 2 0
github.com/JustWorking42/go-password-manager/internal/server/storage/mongo/mongo.go:421.124,423.16 2 0
github.com/JustWorking42/go-password-manager/internal/server/storage/mongo/mongo.go:423.16,425.3 1 0
github.com/JustWorking42/go-password-manager/internal/server/storage/mongo/mongo.go:426.2,428.70 2 0
github.com/JustWorking42/go-password-manager/internal/server/storage/mongo/mongo.go:428.70,437.17 7 0
github.com/JustWorking42/go-password-manager/internal/server/storage/mongo/mongo.go:437.17,439.4 1 0
github.com/JustWorking42/go-password-manager/internal/server/storage/mongo/mongo.go:440.3,440.33 1 0
github.com/JustWorking42/go-password-manager/internal/server/storage/mongo/mongo.go:440.33,442.4 1 0
github.com/JustWorking42/go-password-manager/internal/server/storage/mongo/mongo.go:444.3,444.34 1 0
github.com/JustWorking42/go-password-manager/internal/server/storage/mongo/mongo.go:447.2,448.16 2 0
github.com/JustWorking42/go-password-manager/internal/server/storage/mongo/mongo.go:448.16,450.3 1 0
github.com/JustWorking42/go-password-manager/internal/server/storage/mongo/mongo.go:452.2,453.9 2 0
github.com/JustWorking42/go-password-manager/internal/server/storage/mongo/mongo.go:453.9,455.3 1 0
github.com/JustWorking42/go-password-manager/internal/server/storage/mongo/mongo.go:457.2,457.24 1 0
github.com/JustWorking42/go-password-manager/internal/server/storage/mongo/mongo.go:461.51,463.2 1 0
github.com/JustWorking42/go-password-manager/proto/pass_manager.pb.go:33.25,35.29 2 0
github.com/JustWorking42/go-password-manager/proto/pass_manager.pb.go:35.29,39.3 3 0
github.com/JustWorking42/go-password-manager/proto/pass_manager.pb.go:42.33,44.2 1 0
github.com/JustWorking42/go-password-manager/proto/pass_manager.pb.go:46.31,46.32 0 0
github.com/JustWorking42/go-password-manager/proto/pass_manager.pb.go:48.53,50.41 2 0
github.com/JustWorking42/go-password-manager/proto/pass_manager.pb.go:50.41,52.34 2 0
github.com/JustWorking42/go-password-manager/proto/pass_manager.pb.go:52.34,54.4 1 0
github.com/JustWorking42/go-password-manager/proto/pass_manager.pb.go:55.3,55.12 1 0
github.com/JustWorking42/go-password-manager/proto/pass_manager.pb.go:57.2,57.24 1 0
github.com/JustWorking42/go-password-manager/proto/pass_manager.pb.go:61.44,63.2 1 0
github.com/JustWorking42/go-password-manager/proto/pass_manager.pb.go:65.35,66.14 1 0
github.com/JustWorking42/go-password-manager/proto/pass_manager.pb.go:66.14,68.3 1 0
github.com/JustWorking42/go-password-manager/proto/pass_manager.pb.go:69.2,69.11 1 0
github.com/JustWorking42/go-password-manager/proto/pass_manager.pb.go:72.38,73.14 1 0
github.com/JustWorking42/go-password-manager/proto/pass_manager.pb.go:73.14,75.3 1 0
github.com/JustWorking42/go-password-manager/proto/pass_manager.pb.go:76.2,76.11 1 0
github.com/JustWorking42/go-password-manager/proto/pass_manager.pb.go:87.38,89.29 2 0
github.com/JustWorking42/go-password-manager/proto/pass_manager.pb.go:89.29,93.3 3 0
github.com/JustWorking42/go-password-manager/proto/pass_manager.pb.go:96.46,98.2 1 0
github.com/JustWorking42/go-password-manager/proto/pass_manager.pb.go:100.44,100.45 0 0
github.com/JustWorking42/go-password-manager/proto/pass_manager.pb.go:102.66,104.41 2 0
github.com/JustWorking42/go-password-manager/proto/pass_manager.pb.go:104.41,106.34 2 0
github.com/JustWorking42/go-password-manager/proto/pass_manager.pb.go:106.34,108.4 1 0
github.com/JustWorking42/go-password-manager/proto/pass_manager.pb.go:109.3,109.12 1 0
github.com/JustWorking42/go-password-manager/proto/pass_manager.pb.go:111.2,111.24 1 0
github.com/JustWorking42/go-password-manager/proto/pass_manager.pb.go:115.57,117.2 1 0
github.com/JustWorking42/go-password-manager/proto/pass_manager.pb.go:119.54,120.14 1 0
github.com/JustWorking42/go-password-manager/proto/pass_manager.pb.go:120.14,122.3 1 0
github.com/JustWorking42/go-password-manager/proto/pass_manager.pb.go:123.2,123.11 1 0
github.com/JustWorking42/go-password-manager/proto/pass_manager.pb.go:136.28,138.29 2 0
github.com/JustWorking42/go-password-manager/proto/pass_manager.pb.go:138.29,142.3 3 0
github.com/JustWorking42/go-password-manager/proto/pass_manager.pb.go:145.36,147.2 1 0
github.com/JustWorking42/go-password-manager/proto/pass_manager.pb.go:149.34,149.35 0 0
github.com/JustWorking42/go-password-manager/proto/pass_manager.pb.go:151.56,153.41 2 0
github.com/JustWorking42/go-password-manager/proto/pass_manager.pb.go:153.41,155.34 2 0
github.com/JustWorking42/go-password-manager/proto/pass_manager.pb.go:155.34,157.4 1 0
github.com/JustWorking42/go-password-manager/proto/pass_manager.pb.go:158.3,158.12 1 0
github.com/JustWorking42/go-password-manager/proto/pass_manager.pb.go:160.2,160.24 1 0
github.com/JustWorking42/go-password-manager/proto/pass_manager.pb.go:164.47,166.2 1 0
github.com/JustWorking42/go-password-manager/proto/pass_manager.pb.go:168.44,169.14 1 0
github.com/JustWorking42/go-password-manager/proto/pass_manager.pb.go:169.14,171.3 1 0
github.com/JustWorking42/go-password-manager/proto/pass_manager.pb.go:172.2,172.11 1 0
github.com/JustWorking42/go-password-manager/proto/pass_manager.pb.go:175.45,176.14 1 0
github.com/JustWorking42/go-password-manager/proto/pass_manager.pb.go:176.14,178.3 1 0
github.com/JustWorking42/go-password-manager/proto/pass_manager.pb.go:179.2,179.11 1 0
github.com/JustWorking42/go-password-manager/proto/pass_manager.pb.go:182.48,183.14 1 0
github.com/JustWorking42/go-password-manager/proto/pass_manager.pb.go:183.14,185.3 1 0
github.com/JustWorking42/go-password-manager/proto/pass_manager.pb.go:186.2,186.11 1 0
github.com/JustWorking42/go-password-manager/proto/pass_manager.pb.go:197.34,199.29 2 0
github.com/JustWorking42/go-password-manager/proto/pass_manager.pb.go:199.29,203.3 3 0
github.com/JustWorking42/go-password-manager/proto/pass_manager.pb.go:206.42,208.2 1 0
github.com/JustWorking42/go-password-manager/proto/pass_manager.pb.go:210.40,210.41 0 0
github.com/JustWorking42/go-password-manager/proto/pass_manager.pb.go:212.62,214.41 2 0
github.com/JustWorking42/go-password-manager/proto/pass_manager.pb.go:214.41,216.34 2 0
github.com/JustWorking42/go-password-manager/proto/pass_manager.pb.go:216.34,218.4 1 0
github.com/JustWorking42/go-password-manager/proto/pass_manager.pb.go:219.3,219.12 1 0
github.com/JustWorking42/go-password-manager/proto/pass_manager.pb.go:221.2,221.24 1 0
github.com/JustWorking42/go-password-manager/proto/pass_manager.pb.go:225.53,227.2 1 0
github.com/JustWorking42/go-password-manager/proto/pass_manager.pb.go:229.47,230.14 1 0
github.com/JustWorking42/go-password-manager/proto/pass_manager.pb.go:230.14,232.3 1 0
github.com/JustWorking42/go-password-manager/proto/pass_manager.pb.go:233.2,233.11 1 0
github.com/JustWorking42/go-password-manager/proto/pass_manager.pb.go:248.24,250.29 2 0
github.com/JustWorking42/go-password-manager/proto/pass_manager.pb.go:250.29,254.3 3 0
github.com/JustWorking42/go-password-manager/proto/pass_manager.pb.go:257.32,259.2 1 0
github.com/JustWorking42/go-password-manager/proto/pass_manager.pb.go:261.30,261.31 0 0
github.com/JustWorking42/go-password-manager/proto/pass_manager.pb.go:263.52,265.41 2 0
github.com/JustWorking42/go-password-manager/proto/pass_manager.pb.go:265.41,267.34 2 0
github.com/JustWorking42/go-password-manager/proto/pass_manager.pb.go:267.34,269.4 1 0
github.com/JustWorking42/go-password-manager/proto/pass_manager.pb.go:270.3,270.12 1 0
github.com/JustWorking42/go-password-manager/proto/pass_manager.pb.go:272.2,272.24 1 0
github.com/JustWorking42/go-password-manager/proto/pass_manager.pb.go:276.43,278.2 1 0
github.com/JustWorking42/go-password-manager/proto/pass_manager.pb.go:280.37,281.14 1 0
github.com/JustWorking42/go-password-manager/proto/pass_manager.pb.go:281.14,283.3 1 0
github.com/JustWorking42/go-password-manager/proto/pass_manager.pb.go:284.2,284.11 1 0
github.com/JustWorking42/go-password-manager/proto/pass_manager.pb.go:287.39,288.14 1 0
github.com/JustWorking42/go-password-manager/proto/pass_manager.pb.go:288.14,290.3 1 0
github.com/JustWorking42/go-password-manager/proto/pass_manager.pb.go:291.2,291.11 1 0
github.com/JustWorking42/go-password-manager/proto/pass_manager.pb.go:294.36,295.14 1 0
github.com/JustWorking42/go-password-manager/proto/pass_manager.pb.go:295.14,297.3 1 0
github.com/JustWorking42/go-password-manager/proto/pass_manager.pb.go:298.2,298.11 1 0
github.com/JustWorking42/go-password-manager/proto/pass_manager.pb.go:301.37,302.14 1 0
github.com/JustWorking42/go-password-manager/proto/pass_manager.pb.go:302.14,304.3 1 0
github.com/JustWorking42/go-password-manager/proto/pass_manager.pb.go:305.2,305.11 1 0
github.com/JustWorking42/go-password-manager/proto/pass_manager.pb.go:308.35,309.14 1 0
github.com/JustWorking42/go-password-manager/proto/pass_manager.pb.go:309.14,311.3 1 0
github.com/JustWorking42/go-password-manager/proto/pass_manager.pb.go:312.2,312.11 1 0
github.com/JustWorking42/go-password-manager/proto/pass_manager.pb.go:324.24,326.29 2 0
github.com/JustWorking42/go-password-manager/proto/pass_manager.pb.go:326.29,330.3 3 0
github.com/JustWorking42/go-password-manager/proto/pass_manager.pb.go:333.32,335.2 1 0
github.com/JustWorking42/go-password-manager/proto/pass_manager.pb.go:337.30,337.31 0 0
github.com/JustWorking42/go-password-manager/proto/pass_manager.pb.go:339.52,341.41 2 0
github.com/JustWorking42/go-password-manager/proto/pass_manager.pb.go:341.41,343.34 2 0
github.com/JustWorking42/go-password-manager/proto/pass_manager.pb.go:343.34,345.4 1 0
github.com/JustWorking42/go-password-manager/proto/pass_manager.pb.go:346.3,346.12 1 0
github.com/JustWorking42/go-password-manager/proto/pass_manager.pb.go:348.2,348.24 1 0
github.com/JustWorking42/go-password-manager/proto/pass_manager.pb.go:352.43,354.2 1 0
github.com/JustWorking42/go-password-manager/proto/pass_manager.pb.go:356.37,357.14 1 0
github.com/JustWorking42/go-password-manager/proto/pass_manager.pb.go:357.14,359.3 1 0
github.com/JustWorking42/go-password-manager/proto/pass_manager.pb.go:360.2,360.11 1 0
github.com/JustWorking42/go-password-manager/proto/pass_manager.pb.go:363.33,364.14 1 0
github.com/JustWorking42/go-password-manager/proto/pass_manager.pb.go:364.14,366.3 1 0
github.com/JustWorking42/go-password-manager/proto/pass_manager.pb.go:367.2,367.11 1 0
github.com/JustWorking42/go-password-manager/proto/pass_manager.pb.go:378.34,380.29 2 0
github.com/JustWorking42/go-password-manager/proto/pass_manager.pb.go:380.29,384.3 3 0
github.com/JustWorking42/go-password-manager/proto/pass_manager.pb.go:387.42,389.2 1 0
github.com/JustWorking42/go-password-manager/proto/pass_manager.pb.go:391.40,391.41 0 0
github.com/JustWorking42/go-password-manager/proto/pass_manager.pb.go:393.62,395.41 2 0
github.com/JustWorking42/go-password-manager/proto/pass_manager.pb.go:395.41,397.34 2 0
github.com/JustWorking42/go-password-manager/proto/pass_manager.pb.go:397.34,399.4 1 0
github.com/JustWorking42/go-password-manager/proto/pass_manager.pb.go:400.3,400.12 1 0
github.com/JustWorking42/go-password-manager/proto/pass_manager.pb.go:402.2,402.24 1 0
github.com/JustWorking42/go-password-manager/proto/pass_manager.pb.go:406.53,408.2 1 0
github.com/JustWorking42/go-password-manager/proto/pass_manager.pb.go:410.47,411.14 1 0
github.com/JustWorking42/go-password-manager/proto/pass_manager.pb.go:411.14,413.3 1 0
github.com/JustWorking42/go-password-manager/proto/pass_manager.pb.go:414.2,414.11 1 0
github.com/JustWorking42/go-password-manager/proto/pass_manager.pb.go:426.25,428.29 2 0
github.com/JustWorking42/go-password-manager/proto/pass_manager.pb.go:428.29,432.3 3 0
github.com/JustWorking42/go-password-manager/proto/pass_manager.pb.go:435.33,437.2 1 0
github.com/JustWorking42/go-password-manager/proto/pass_manager.pb.go:439.31,439.32 0 0
github.com/JustWorking42/go-password-manager/proto/pass_manager.pb.go:441.53,443.41 2 0
github.com/JustWorking42/go-password-manager/proto/pass_manager.pb.go:443.41,445.34 2 0
github.com/JustWorking42/go-password-manager/proto/pass_manager.pb.go:445.34,447.4 1 0
github.com/JustWorking42/go-password-manager/proto/pass_manager.pb.go:448.3,448.12 1 0
github.com/JustWorking42/go-password-manager/proto/pass_manager.pb.go:450.2,450.24 1 0
github.com/JustWorking42/go-password-manager/proto/pass_manager.pb.go:454.44,456.2 1 0
github.com/JustWorking42/go-password-manager/proto/pass_manager.pb.go:458.39,459.14 1 0
github.com/JustWorking42/go-password-manager/proto/pass_manager.pb.go:459.14,461.3 1 0
github.com/JustWorking42/go-password-manager/proto/pass_manager.pb.go:462.2,462.11 1 0
github.com/JustWorking42/go-password-manager/proto/pass_manager.pb.go:465.35,466.14 1 0
github.com/JustWorking42/go-password-manager/proto/pass_manager.pb.go:466.14,468.3 1 0
github.com/JustWorking42/go-password-manager/proto/pass_manager.pb.go:469.2,469.12 1 0
github.com/JustWorking42/go-password-manager/proto/pass_manager.pb.go:480.35,482.29 2 0
github.com/JustWorking42/go-password-manager/proto/pass_manager.pb.go:482.29,486.3 3 0
github.com/JustWorking42/go-password-manager/proto/pass_manager.pb.go:489.43,491.2 1 0
github.com/JustWorking42/go-password-manager/proto/pass_manager.pb.go:493.41,493.42 0 0
github.com/JustWorking42/go-password-manager/proto/pass_manager.pb.go:495.63,497.41 2 0
github.com/JustWorking42/go-password-manager/proto/pass_manager.pb.go:497.41,499.34 2 0
github.com/JustWorking42/go-password-manager/proto/pass_manager.pb.go:499.34,501.4 1 0
github.com/JustWorking42/go-password-manager/proto/pass_manager.pb.go:502.3,502.12 1 0
github.com/JustWorking42/go-password-manager/proto/pass_manager.pb.go:504.2,504.24 1 0
github.com/JustWorking42/go-password-manager/proto/pass_manager.pb.go:508.54,510.2 1 0
github.com/JustWorking42/go-password-manager/proto/pass_manager.pb.go:512.49,513.14 1 0
github.com/JustWorking42/go-password-manager/proto/pass_manager.pb.go:513.14,515.3 1 0
github.com/JustWorking42/go-password-manager/proto/pass_manager.pb.go:516.2,516.11 1 0
github.com/JustWorking42/go-password-manager/proto/pass_manager.pb.go:609.51,610.48 1 0
github.com/JustWorking42/go-password-manager/proto/pass_manager.pb.go:610.48,612.3 1 0
github.com/JustWorking42/go-password-manager/proto/pass_manager.pb.go:613.2,613.44 1 0
github.com/JustWorking42/go-password-manager/proto/pass_manager.pb.go:657.13,657.47 1 0
github.com/JustWorking42/go-password-manager/proto/pass_manager.pb.go:658.37,659.36 1 0
github.com/JustWorking42/go-password-manager/proto/pass_manager.pb.go:659.36,661.3 1 0
github.com/JustWorking42/go-password-manager/proto/pass_manager.pb.go:662.2,662.30 1 0
github.com/JustWorking42/go-password-manager/proto/pass_manager.pb.go:662.30,663.89 1 0
github.com/JustWorking42/go-password-manager/proto/pass_manager.pb.go:663.89,664.30 1 0
github.com/JustWorking42/go-password-manager/proto/pass_manager.pb.go:665.11,666.20 1 0
github.com/JustWorking42/go-password-manager/proto/pass_manager.pb.go:667.11,668.24 1 0
github.com/JustWorking42/go-password-manager/proto/pass_manager.pb.go:669.11,670.28 1 0
github.com/JustWorking42/go-password-manager/proto/pass_manager.pb.go:671.12,672.15 1 0
github.com/JustWorking42/go-password-manager/proto/pass_manager.pb.go:675.3,675.89 1 0
github.com/JustWorking42/go-password-manager/proto/pass_manager.pb.go:675.89,676.43 1 0
github.com/JustWorking42/go-password-manager/proto/pass_manager.pb.go:677.11,678.20 1 0
github.com/JustWorking42/go-password-manager/proto/pass_manager.pb.go:679.11,680.24 1 0
[...]
github.com/JustWorking42/go-password-manager/proto/pass_manager.pb.go:707.12,708.15 1 0
github.com/JustWorking42/go-password-manager/proto/pass_manager.pb.go:711.3,711.89 1 0
github.com/JustWorking42/go-password-manager/proto/pass_manager.pb.go:711.89,712.29 1 0
github.com/JustWorking42/go-password-manager/proto/pass_manager.pb.go:713.11,714.20 1 0
github.com/JustWorking42/go-password-manager/proto/pass_manager.pb.go:715.11,716.24 1 0
github.com/JustWorking42/go-password-manager/proto/pass_manager.pb.go:717.11,718.28 1 0
github.com/JustWorking42/go-password-manager/proto/pass_manager.pb.go:719.12,720.15 1 0
github.com/JustWorking42/go-password-manager/proto/pass_manager.pb.go:723.3,723.89 1 0
github.com/JustWorking42/go-password-manager/proto/pass_manager.pb.go:723.89,724.29 1 0
github.com/JustWorking42/go-password-manager/proto/pass_manager.pb.go:725.11,726.20 1 0
github.com/JustWorking42/go-password-manager/proto/pass_manager.pb.go:727.11,728.24 1 0
github.com/JustWorking42/go-password-manager/proto/pass_manager.pb.go:729.11,730.28 1 0
github.com/JustWorking42/go-password-manager/proto/pass_manager.pb.go:731.12,732.15 1 0
github.com/JustWorking42/go-password-manager/proto/pass_manager.pb.go:735.3,735.89 1 0
github.com/JustWorking42/go-password-manager/proto/pass_manager.pb.go:735.89,736.39 1 0
github.com/JustWorking42/go-password-manager/proto/pass_manager.pb.go:737.11,738.20 1 0
github.com/JustWorking42/go-password-manager/proto/pass_manager.pb.go:739.11,740.24 1 0
github.com/JustWorking42/go-password-manager/proto/pass_manager.pb.go:741.11,742.28 1 0
github.com/JustWorking42/go-password-manager/proto/pass_manager.pb.go:743.12,744.15 1 0
github.com/JustWorking42/go-password-manager/proto/pass_manager.pb.go:747.3,747.89 1 0
github.com/JustWorking42/go-password-manager/proto/pass_manager.pb.go:747.89,748.30 1 0
github.com/JustWorking42/go-password-manager/proto/pass_manager.pb.go:749.11,750.20 1 0
github.com/JustWorking42/go-password-manager/proto/pass_manager.pb.go:751.11,752.24 1 0
github.com/JustWorking42/go-password-manager/proto/pass_manager.pb.go:753.11,754.28 1 0
github.com/JustWorking42/go-password-manager/proto/pass_manager.pb.go:755.12,756.15 1 0
github.com/JustWorking42/go-password-manager/proto/pass_manager.pb.go:759.3,759.89 1 0
github.com/JustWorking42/go-password-manager/proto/pass_manager.pb.go:759.89,760.40 1 0
github.com/JustWorking42/go-password-manager/proto/pass_manager.pb.go:761.11,762.20 1 0
github.com/JustWorking42/go-password-manager/proto/pass_manager.pb.go:763.11,764.24 1 0
github.com/JustWorking42/go-password-manager/proto/pass_manager.pb.go:765.11,766.28 1 0
github.com/JustWorking42/go-password-manager/proto/pass_manager.pb.go:767.12,768.15 1 0
github.com/JustWorking42/go-password-manager/proto/pass_manager.pb.go:772.2,789.39 6 1
github.com/JustWorking42/go-password-manager/proto/pass_manager_client_mock.go:28.80,32.2 3 0
github.com/JustWorking42/go-password-manager/proto/pass_manager_client_mock.go:35.77,37.2 1 0
github.com/JustWorking42/go-password-manager/proto/pass_manager_client_mock.go:40.123,43.25 3 0
github.com/JustWorking42/go-password-manager/proto/pass_manager_client_mock.go:43.25,45.3 1 0
github.com/JustWorking42/go-password-manager/proto/pass_manager_client_mock.go:46.2,49.19 4 0
github.com/JustWorking42/go-password-manager/proto/pass_manager_client_mock.go:53.110,57.2 3 0
github.com/JustWorking42/go-password-manager/proto/pass_manager_client_mock.go:60.121,63.25 3 0
github.com/JustWorking42/go-password-manager/proto/pass_manager_client_mock.go:63.25,65.3 1 0
github.com/JustWorking42/go-password-manager/proto/pass_manager_client_mock.go:66.2,69.19 4 0
github.com/JustWorking42/go-password-manager/proto/pass_manager_client_mock.go:73.109,77.2 3 0
github.com/JustWorking42/go-password-manager/proto/pass_manager_client_mock.go:80.121,83.25 3 0
github.com/JustWorking42/go-password-manager/proto/pass_manager_client_mock.go:83.25,85.3 1 0
github.com/JustWorking42/go-password-manager/proto/pass_manager_client_mock.go:86.2,89.19 4 0
github.com/JustWorking42/go-password-manager/proto/pass_manager_client_mock.go:93.109,97.2 3 0
github.com/JustWorking42/go-password-manager/proto/pass_manager_client_mock.go:100.129,103.25 3 0
github.com/JustWorking42/go-password-manager/proto/pass_manager_client_mock.go:103.25,105.3 1 0
github.com/JustWorking42/go-password-manager/proto/pass_manager_client_mock.go:106.2,109.19 4 0
github.com/JustWorking42/go-password-manager/proto/pass_manager_client_mock.go:113.113,117.2 3 0
github.com/JustWorking42/go-password-manager/proto/pass_manager_client_mock.go:120.125,123.25 3 0
github.com/JustWorking42/go-password-manager/proto/pass_manager_client_mock.go:123.25,125.3 1 0
github.com/JustWorking42/go-password-manager/proto/pass_manager_client_mock.go:126.2,129.19 4 0
github.com/JustWorking42/go-password-manager/proto/pass_manager_client_mock.go:133.110,137.2 3 0
github.com/JustWorking42/go-password-manager/proto/pass_manager_client_mock.go:140.122,143.25 3 0
github.com/JustWorking42/go-password-manager/proto/pass_manager_client_mock.go:143.25,145.3 1 0
github.com/JustWorking42/go-password-manager/proto/pass_manager_client_mock.go:146.2,149.19 4 0
github.com/JustWorking42/go-password-manager/proto/pass_manager_client_mock.go:153.109,157.2 3 0
github.com/JustWorking42/go-password-manager/proto/pass_manager_client_mock.go:160.122,163.25 3 0
github.com/JustWorking42/go-password-manager/proto/pass_manager_client_mock.go:163.25,165.3 1 0
github.com/JustWorking42/go-password-manager/proto/pass_manager_client_mock.go:166.2,169.19 4 0
github.com/JustWorking42/go-password-manager/proto/pass_manager_client_mock.go:173.109,177.2 3 0
github.com/JustWorking42/go-password-manager/proto/pass_manager_client_mock.go:180.134,183.25 3 0
github.com/JustWorking42/go-password-manager/proto/pass_manager_client_mock.go:183.25,185.3 1 0
github.com/JustWorking42/go-password-manager/proto/pass_manager_client_mock.go:186.2,189.19 4 0
github.com/JustWorking42/go-password-manager/proto/pass_manager_client_mock.go:193.113,197.2 3 0
github.com/JustWorking42/go-password-manager/proto/pass_manager_client_mock.go:200.120,203.25 3 0
github.com/JustWorking42/go-password-manager/proto/pass_manager_client_mock.go:203.25,205.3 1 0
github.com/JustWorking42/go-password-manager/proto/pass_manager_client_mock.go:206.2,209.19 4 0
github.com/JustWorking42/go-password-manager/proto/pass_manager_client_mock.go:213.107,217.2 3 0
github.com/JustWorking42/go-password-manager/proto/pass_manager_client_mock.go:220.123,223.25 3 0
github.com/JustWorking42/go-password-manager/proto/pass_manager_client_mock.go:223.25,225.3 1 0
github.com/JustWorking42/go-password-manager/proto/pass_manager_client_mock.go:226.2,229.19 4 0
github.com/JustWorking42/go-password-manager/proto/pass_manager_client_mock.go:233.110,237.2 3 0
github.com/JustWorking42/go-password-manager/proto/pass_manager_client_mock.go:251.79,255.2 3 0
github.com/JustWorking42/go-password-manager/proto/pass_manager_client_mock.go:258.77,260.2 1 0
github.com/JustWorking42/go-password-manager/proto/pass_manager_client_mock.go:263.101,269.2 5 0
github.com/JustWorking42/go-password-manager/proto/pass_manager_client_mock.go:272.92,275.2 2 0
github.com/JustWorking42/go-password-manager/proto/pass_manager_client_mock.go:278.99,284.2 5 0
github.com/JustWorking42/go-password-manager/proto/pass_manager_client_mock.go:287.91,290.2 2 0
github.com/JustWorking42/go-password-manager/proto/pass_manager_client_mock.go:293.99,299.2 5 0
github.com/JustWorking42/go-password-manager/proto/pass_manager_client_mock.go:302.91,305.2 2 0
github.com/JustWorking42/go-password-manager/proto/pass_manager_client_mock.go:308.107,314.2 5 0
github.com/JustWorking42/go-password-manager/proto/pass_manager_client_mock.go:317.95,320.2 2 0
github.com/JustWorking42/go-password-manager/proto/pass_manager_client_mock.go:323.103,329.2 5 0
github.com/JustWorking42/go-password-manager/proto/pass_manager_client_mock.go:332.92,335.2 2 0
github.com/JustWorking42/go-password-manager/proto/pass_manager_client_mock.go:338.100,344.2 5 0
github.com/JustWorking42/go-password-manager/proto/pass_manager_client_mock.go:347.91,350.2 2 0
github.com/JustWorking42/go-password-manager/proto/pass_manager_client_mock.go:353.100,359.2 5 0
github.com/JustWorking42/go-password-manager/proto/pass_manager_client_mock.go:362.91,365.2 2 0
github.com/JustWorking42/go-password-manager/proto/pass_manager_client_mock.go:368.112,374.2 5 0
github.com/JustWorking42/go-password-manager/proto/pass_manager_client_mock.go:377.95,380.2 2 0
github.com/JustWorking42/go-password-manager/proto/pass_manager_client_mock.go:383.98,389.2 5 0
github.com/JustWorking42/go-password-manager/proto/pass_manager_client_mock.go:392.89,395.2 2 0
github.com/JustWorking42/go-password-manager/proto/pass_manager_client_mock.go:398.101,404.2 5 0
github.com/JustWorking42/go-password-manager/proto/pass_manager_client_mock.go:407.92,410.2 2 0
github.com/JustWorking42/go-password-manager/proto/pass_manager_client_mock.go:413.75,416.2 2 0
github.com/JustWorking42/go-password-manager/proto/pass_manager_client_mock.go:419.101,422.2 2 0
github.com/JustWorking42/go-password-manager/proto/pass_manager_client_mock.go:436.91,440.2 3 0
github.com/JustWorking42/go-password-manager/proto/pass_manager_client_mock.go:443.89,445.2 1 0
github.com/JustWorking42/go-password-manager/proto/pass_manager_client_mock.go:448.81,451.2 2 0
github.com/JustWorking42/go-password-manager/proto/pass_manager_client_mock.go:454.107,457.2 2 0
github.com/JustWorking42/go-password-manager/proto/pass_manager_grpc.pb.go:55.74,57.2 1 0
github.com/JustWorking42/go-password-manager/proto/pass_manager_grpc.pb.go:59.119,62.16 3 0
github.com/JustWorking42/go-password-manager/proto/pass_manager_grpc.pb.go:62.16,64.3 1 0
github.com/JustWorking42/go-password-manager/proto/pass_manager_grpc.pb.go:65.2,65.17 1 0
github.com/JustWorking42/go-password-manager/proto/pass_manager_grpc.pb.go:68.116,71.16 3 0
github.com/JustWorking42/go-password-manager/proto/pass_manager_grpc.pb.go:71.16,73.3 1 0
github.com/JustWorking42/go-password-manager/proto/pass_manager_grpc.pb.go:74.2,74.17 1 0
github.com/JustWorking42/go-password-manager/proto/pass_manager_grpc.pb.go:77.125,80.16 3 0
github.com/JustWorking42/go-password-manager/proto/pass_manager_grpc.pb.go:80.16,82.3 1 0
github.com/JustWorking42/go-password-manager/proto/pass_manager_grpc.pb.go:83.2,83.17 1 0
github.com/JustWorking42/go-password-manager/proto/pass_manager_grpc.pb.go:86.130,89.16 3 0
github.com/JustWorking42/go-password-manager/proto/pass_manager_grpc.pb.go:89.16,91.3 1 0
github.com/JustWorking42/go-password-manager/proto/pass_manager_grpc.pb.go:92.2,92.17 1 0
github.com/JustWorking42/go-password-manager/proto/pass_manager_grpc.pb.go:95.117,98.16 3 0
github.com/JustWorking42/go-password-manager/proto/pass_manager_grpc.pb.go:98.16,100.3 1 0
github.com/JustWorking42/go-password-manager/proto/pass_manager_grpc.pb.go:101.2,101.17 1 0
github.com/JustWorking42/go-password-manager/proto/pass_manager_grpc.pb.go:104.118,107.16 3 0
github.com/JustWorking42/go-password-manager/proto/pass_manager_grpc.pb.go:107.16,109.3 1 0
github.com/JustWorking42/go-password-manager/proto/pass_manager_grpc.pb.go:110.2,110.17 1 0
github.com/JustWorking42/go-password-manager/proto/pass_manager_grpc.pb.go:113.117,116.16 3 0
github.com/JustWorking42/go-password-manager/proto/pass_manager_grpc.pb.go:116.16,118.3 1 0
github.com/JustWorking42/go-password-manager/proto/pass_manager_grpc.pb.go:119.2,119.17 1 0
github.com/JustWorking42/go-password-manager/proto/pass_manager_grpc.pb.go:122.118,125.16 3 0
github.com/JustWorking42/go-password-manager/proto/pass_manager_grpc.pb.go:125.16,127.3 1 0
github.com/JustWorking42/go-password-manager/proto/pass_manager_grpc.pb.go:128.2,128.17 1 0
github.com/JustWorking42/go-password-manager/proto/pass_manager_grpc.pb.go:131.119,134.16 3 0
github.com/JustWorking42/go-password-manager/proto/pass_manager_grpc.pb.go:134.16,136.3 1 0
github.com/JustWorking42/go-password-manager/proto/pass_manager_grpc.pb.go:137.2,137.17 1 0
github.com/JustWorking42/go-password-manager/proto/pass_manager_grpc.pb.go:140.121,143.16 3 0
github.com/JustWorking42/go-password-manager/proto/pass_manager_grpc.pb.go:143.16,145.3 1 0
github.com/JustWorking42/go-password-manager/proto/pass_manager_grpc.pb.go:146.2,146.17 1 0
github.com/JustWorking42/go-password-manager/proto/pass_manager_grpc.pb.go:170.97,172.2 1 0
github.com/JustWorking42/go-password-manager/proto/pass_manager_grpc.pb.go:173.94,175.2 1 0
github.com/JustWorking42/go-password-manager/proto/pass_manager_grpc.pb.go:176.103,178.2 1 0
github.com/JustWorking42/go-password-manager/proto/pass_manager_grpc.pb.go:179.108,181.2 1 0
github.com/JustWorking42/go-password-manager/proto/pass_manager_grpc.pb.go:182.95,184.2 1 0
github.com/JustWorking42/go-password-manager/proto/pass_manager_grpc.pb.go:185.96,187.2 1 0
github.com/JustWorking42/go-password-manager/proto/pass_manager_grpc.pb.go:188.95,190.2 1 0
github.com/JustWorking42/go-password-manager/proto/pass_manager_grpc.pb.go:191.96,193.2 1 0
github.com/JustWorking42/go-password-manager/proto/pass_manager_grpc.pb.go:194.97,196.2 1 0
github.com/JustWorking42/go-password-manager/proto/pass_manager_grpc.pb.go:197.99,199.2 1 0
github.com/JustWorking42/go-password-manager/proto/pass_manager_grpc.pb.go:200.82,200.83 0 0
github.com/JustWorking42/go-password-manager/proto/pass_manager_grpc.pb.go:209.80,211.2 1 0
github.com/JustWorking42/go-password-manager/proto/pass_manager_grpc.pb.go:213.165,215.32 2 0
github.com/JustWorking42/go-password-manager/proto/pass_manager_grpc.pb.go:215.32,217.3 1 0
github.com/JustWorking42/go-password-manager/proto/pass_manager_grpc.pb.go:218.2,218.24 1 0
github.com/JustWorking42/go-password-manager/proto/pass_manager_grpc.pb.go:218.24,220.3 1 0
github.com/JustWorking42/go-password-manager/proto/pass_manager_grpc.pb.go:221.2,225.77 2 0
github.com/JustWorking42/go-password-manager/proto/pass_manager_grpc.pb.go:225.77,227.3 1 0
github.com/JustWorking42/go-password-manager/proto/pass_manager_grpc.pb.go:228.2,228.44 1 0
github.com/JustWorking42/go-password-manager/proto/pass_manager_grpc.pb.go:231.162,233.32 2 0
github.com/JustWorking42/go-password-manager/proto/pass_manager_grpc.pb.go:233.32,235.3 1 0
github.com/JustWorking42/go-password-manager/proto/pass_manager_grpc.pb.go:236.2,236.24 1 0
github.com/JustWorking42/go-password-manager/proto/pass_manager_grpc.pb.go:236.24,238.3 1 0
github.com/JustWorking42/go-password-manager/proto/pass_manager_grpc.pb.go:239.2,243.77 2 0
github.com/JustWorking42/go-password-manager/proto/pass_manager_grpc.pb.go:243.77,245.3 1 0
github.com/JustWorking42/go-password-manager/proto/pass_manager_grpc.pb.go:246.2,246.44 1 0
github.com/JustWorking42/go-password-manager/proto/pass_manager_grpc.pb.go:249.168,251.32 2 0
github.com/JustWorking42/go-password-manager/proto/pass_manager_grpc.pb.go:251.32,253.3 1 0
github.com/JustWorking42/go-password-manager/proto/pass_manager_grpc.pb.go:254.2,254.24 1 0
github.com/JustWorking42/go-password-manager/proto/pass_manager_grpc.pb.go:254.24,256.3 1 0
github.com/JustWorking42/go-password-manager/proto/pass_manager_grpc.pb.go:257.2,261.77 2 0
github.com/JustWorking42/go-password-manager/proto/pass_manager_grpc.pb.go:261.77,263.3 1 0
github.com/JustWorking42/go-password-manager/proto/pass_manager_grpc.pb.go:264.2,264.44 1 0
github.com/JustWorking42/go-password-manager/proto/pass_manager_grpc.pb.go:267.168,269.32 2 0
github.com/JustWorking42/go-password-manager/proto/pass_manager_grpc.pb.go:269.32,271.3 1 0
github.com/JustWorking42/go-password-manager/proto/pass_manager_grpc.pb.go:272.2,272.24 1 0
github.com/JustWorking42/go-password-manager/proto/pass_manager_grpc.pb.go:272.24,274.3 1 0
github.com/JustWorking42/go-password-manager/proto/pass_manager_grpc.pb.go:275.2,279.77 2 0
github.com/JustWorking42/go-password-manager/proto/pass_manager_grpc.pb.go:279.77,281.3 1 0
github.com/JustWorking42/go-password-manager/proto/pass_manager_grpc.pb.go:282.2,282.44 1 0
github.com/JustWorking42/go-password-manager/proto/pass_manager_grpc.pb.go:285.164,287.32 2 0
github.com/JustWorking42/go-password-manager/proto/pass_manager_grpc.pb.go:287.32,289.3 1 0
github.com/JustWorking42/go-password-manager/proto/pass_manager_grpc.pb.go:290.2,290.24 1 0
github.com/JustWorking42/go-password-manager/proto/pass_manager_grpc.pb.go:290.24,292.3 1 0
github.com/JustWorking42/go-password-manager/proto/pass_manager_grpc.pb.go:293.2,297.77 2 0
github.com/JustWorking42/go-password-manager/proto/pass_manager_grpc.pb.go:297.77,299.3 1 0
github.com/JustWorking42/go-password-manager/proto/pass_manager_grpc.pb.go:300.2,300.44 1 0
github.com/JustWorking42/go-password-manager/proto/pass_manager_grpc.pb.go:303.164,305.32 2 0
github.com/JustWorking42/go-password-manager/proto/pass_manager_grpc.pb.go:305.32,307.3 1 0
github.com/JustWorking42/go-password-manager/proto/pass_manager_grpc.pb.go:308.2,308.24 1 0
github.com/JustWorking42/go-password-manager/proto/pass_manager_grpc.pb.go:308.24,310.3 1 0
github.com/JustWorking42/go-password-manager/proto/pass_manager_grpc.pb.go:311.2,315.77 2 0
github.com/JustWorking42/go-password-manager/proto/pass_manager_grpc.pb.go:315.77,317.3 1 0
github.com/JustWorking42/go-password-manager/proto/pass_manager_grpc.pb.go:318.2,318.44 1 0
github.com/JustWorking42/go-password-manager/proto/pass_manager_grpc.pb.go:321.164,323.32 2 0
github.com/JustWorking42/go-password-manager/proto/pass_manager_grpc.pb.go:323.32,325.3 1 0
github.com/JustWorking42/go-password-manager/proto/pass_manager_grpc.pb.go:326.2,326.24 1 0
github.com/JustWorking42/go-password-manager/proto/pass_manager_grpc.pb.go:326.24,328.3 1 0
github.com/JustWorking42/go-password-manager/proto/pass_manager_grpc.pb.go:329.2,333.77 2 0
github.com/JustWorking42/go-password-manager/proto/pass_manager_grpc.pb.go:333.77,335.3 1 0
github.com/JustWorking42/go-password-manager/proto/pass_manager_grpc.pb.go:336.2,336.44 1 0
github.com/JustWorking42/go-password-manager/proto/pass_manager_grpc.pb.go:339.164,341.32 2 0
github.com/JustWorking42/go-password-manager/proto/pass_manager_grpc.pb.go:341.32,343.3 1 0
github.com/JustWorking42/go-password-manager/proto/pass_manager_grpc.pb.go:344.2,344.24 1 0
github.com/JustWorking42/go-password-manager/proto/pass_manager_grpc.pb.go:344.24,346.3 1 0
github.com/JustWorking42/go-password-manager/proto/pass_manager_grpc.pb.go:347.2,351.77 2 0
github.com/JustWorking42/go-password-manager/proto/pass_manager_grpc.pb.go:351.77,353.3 1 0
github.com/JustWorking42/go-password-manager/proto/pass_manager_grpc.pb.go:354.2,354.44 1 0
github.com/JustWorking42/go-password-manager/proto/pass_manager_grpc.pb.go:357.165,359.32 2 0
github.com/JustWorking42/go-password-manager/proto/pass_manager_grpc.pb.go:359.32,361.3 1 0
github.com/JustWorking42/go-password-manager/proto/pass_manager_grpc.pb.go:362.2,362.24 1 0
github.com/JustWorking42/go-password-manager/proto/pass_manager_grpc.pb.go:362.24,364.3 1 0
github.com/JustWorking42/go-password-manager/proto/pass_manager_grpc.pb.go:365.2,369.77 2 0
github.com/JustWorking42/go-password-manager/proto/pass_manager_grpc.pb.go:369.77,371.3 1 0
github.com/JustWorking42/go-password-manager/proto/pass_manager_grpc.pb.go:372.2,372.44 1 0
github.com/JustWorking42/go-password-manager/proto/pass_manager_grpc.pb.go:375.165,377.32 2 0
github.com/JustWorking42/go-password-manager/proto/pass_manager_grpc.pb.go:377.32,379.3 1 0
github.com/JustWorking42/go-password-manager/proto/pass_manager_grpc.pb.go:380.2,380.24 1 0
github.com/JustWorking42/go-password-manager/proto/pass_manager_grpc.pb.go:380.24,382.3 1 0
github.com/JustWorking42/go-password-manager/proto/pass_manager_grpc.pb.go:383.2,387.77 2 0
github.com/JustWorking42/go-password-manager/proto/pass_manager_grpc.pb.go:387.77,389.3 1 0
github.com/JustWorking42/go-password-manager/proto/pass_manager_grpc.pb.go:390.2,390.44 1 0
